/home/asirvent/pytorch_env/lib64/python3.6/site-packages/torch/nn/_reduction.py:42: UserWarning: size_average and reduce args will be deprecated, please use reduction='none' instead.
  warnings.warn(warning.format(ret))
------------ Options -------------
anormly_ratio: 1.0
batch_size: 128
data_path: /home/asirvent/extra_repos/TFM/1-AnomalyTranformer_MIO/ejecucion_remota/data/PSM
dataset: PSM
input_c: 25
k: 3
lr: 0.0001
mode: test
model_save_path: checkpoints
num_epochs: 10
output_c: 25
pretrained_model: None
win_size: 100
-------------- End ----------------
test: (87841, 25)
train: (132481, 25)
test: (87841, 25)
train: (132481, 25)
test: (87841, 25)
train: (132481, 25)
test: (87841, 25)
train: (132481, 25)
======================TEST MODE======================
Threshold : 0.43709125339984645
pred:    (87800,)
gt:      (87800,)
pred:  (87800,)
gt:    (87800,)
Accuracy : 0.9895, Precision : 0.9734, Recall : 0.9890, F-score : 0.9811 
Métricas para vectores simplificados:
Accuracy : 0.9855, Precision : 0.0518, Recall : 0.1188, F-score : 0.0721 
