------------ Options -------------
anormly_ratio: 1.0
batch_size: 32
data_path: /home/asirvent/extra_repos/TFM/1-AnomalyTranformer_MIO/ejecucion_remota/data/SMAP
dataset: SMAP
input_c: 25
k: 3
lr: 0.0001
mode: train
model_save_path: /home/asirvent/extra_repos/TFM/1-AnomalyTranformer_MIO/ejecucion_remota/results_y_models/2-SMAP_models
num_epochs: 150
output_c: 25
pretrained_model: None
win_size: 100
-------------- End ----------------
test: (427617, 25)
train: (135183, 25)
test: (427617, 25)
train: (135183, 25)
test: (427617, 25)
train: (135183, 25)
test: (427617, 25)
train: (135183, 25)
======================TRAIN MODE======================
	speed: 0.0552s/iter; left time: 34949.0447s
	speed: 0.0547s/iter; left time: 34622.3351s
	speed: 0.0549s/iter; left time: 34763.5176s
	speed: 0.0551s/iter; left time: 34856.9739s
	speed: 0.0551s/iter; left time: 34865.2153s
	speed: 0.0552s/iter; left time: 34945.6798s
	speed: 0.0553s/iter; left time: 34984.1262s
	speed: 0.0555s/iter; left time: 35100.3745s
	speed: 0.0556s/iter; left time: 35163.8489s
	speed: 0.0557s/iter; left time: 35236.3164s
	speed: 0.0558s/iter; left time: 35259.1605s
	speed: 0.0558s/iter; left time: 35273.2156s
	speed: 0.0565s/iter; left time: 35679.8903s
	speed: 0.0572s/iter; left time: 36160.9963s
	speed: 0.0579s/iter; left time: 36553.5235s
	speed: 0.0576s/iter; left time: 36398.0007s
	speed: 0.0575s/iter; left time: 36297.1350s
	speed: 0.0579s/iter; left time: 36534.4473s
	speed: 0.0576s/iter; left time: 36382.2670s
	speed: 0.0581s/iter; left time: 36666.9937s
	speed: 0.0575s/iter; left time: 36315.3684s
	speed: 0.0580s/iter; left time: 36576.5827s
	speed: 0.0584s/iter; left time: 36839.5207s
	speed: 0.0583s/iter; left time: 36764.2944s
	speed: 0.0584s/iter; left time: 36834.7864s
	speed: 0.0585s/iter; left time: 36878.4912s
	speed: 0.0577s/iter; left time: 36394.4173s
	speed: 0.0579s/iter; left time: 36536.1670s
	speed: 0.0593s/iter; left time: 37381.5428s
	speed: 0.0586s/iter; left time: 36908.5929s
	speed: 0.0565s/iter; left time: 35595.6066s
	speed: 0.0575s/iter; left time: 36218.8839s
	speed: 0.0619s/iter; left time: 38968.9261s
	speed: 0.0592s/iter; left time: 37273.1123s
	speed: 0.0588s/iter; left time: 37054.2058s
	speed: 0.0584s/iter; left time: 36744.8927s
	speed: 0.0586s/iter; left time: 36917.0487s
	speed: 0.0593s/iter; left time: 37339.4099s
	speed: 0.0591s/iter; left time: 37180.8919s
	speed: 0.0587s/iter; left time: 36964.2080s
	speed: 0.0588s/iter; left time: 36996.7600s
	speed: 0.0590s/iter; left time: 37115.4897s
Epoch: 1 cost time: 242.615252494812
Epoch: 1, Steps: 4222 | Train Loss: -46.6150079 Vali Loss: -47.1954486 
Validation loss decreased (inf --> -47.195449).  Saving model ...
Updating learning rate to 0.0001
	speed: 2.5193s/iter; left time: 1584591.2444s
	speed: 0.0594s/iter; left time: 37330.7694s
	speed: 0.0599s/iter; left time: 37634.5992s
	speed: 0.0596s/iter; left time: 37494.5429s
	speed: 0.0598s/iter; left time: 37560.7688s
	speed: 0.0598s/iter; left time: 37570.6090s
	speed: 0.0597s/iter; left time: 37518.7929s
	speed: 0.0594s/iter; left time: 37301.3918s
	speed: 0.0595s/iter; left time: 37381.5917s
	speed: 0.0591s/iter; left time: 37090.8965s
	speed: 0.0601s/iter; left time: 37766.0398s
	speed: 0.0599s/iter; left time: 37608.2276s
	speed: 0.0596s/iter; left time: 37422.0871s
	speed: 0.0586s/iter; left time: 36784.2904s
	speed: 0.0605s/iter; left time: 37962.8239s
	speed: 0.0597s/iter; left time: 37479.2103s
	speed: 0.0594s/iter; left time: 37253.1784s
	speed: 0.0596s/iter; left time: 37400.1859s
	speed: 0.0586s/iter; left time: 36725.1421s
	speed: 0.0607s/iter; left time: 38065.3738s
	speed: 0.0599s/iter; left time: 37541.5213s
	speed: 0.0592s/iter; left time: 37137.3314s
	speed: 0.0600s/iter; left time: 37614.9485s
	speed: 0.0598s/iter; left time: 37484.6156s
	speed: 0.0592s/iter; left time: 37089.5454s
	speed: 0.0596s/iter; left time: 37318.8373s
	speed: 0.0594s/iter; left time: 37221.1361s
	speed: 0.0593s/iter; left time: 37145.9573s
	speed: 0.0596s/iter; left time: 37293.9289s
	speed: 0.0601s/iter; left time: 37635.1083s
	speed: 0.0594s/iter; left time: 37193.5374s
	speed: 0.0595s/iter; left time: 37209.1538s
	speed: 0.0598s/iter; left time: 37395.1868s
	speed: 0.0599s/iter; left time: 37451.3448s
	speed: 0.0593s/iter; left time: 37125.2571s
	speed: 0.0598s/iter; left time: 37412.3354s
	speed: 0.0594s/iter; left time: 37129.4627s
	speed: 0.0589s/iter; left time: 36811.4946s
	speed: 0.0597s/iter; left time: 37297.5059s
	speed: 0.0600s/iter; left time: 37534.7428s
	speed: 0.0600s/iter; left time: 37486.4246s
	speed: 0.0592s/iter; left time: 36995.5949s
Epoch: 2 cost time: 251.5426561832428
Epoch: 2, Steps: 4222 | Train Loss: -47.7999666 Vali Loss: -48.1570519 
EarlyStopping counter: 1 out of 40
Updating learning rate to 5e-05
	speed: 2.5201s/iter; left time: 1574429.1608s
	speed: 0.0594s/iter; left time: 37121.0859s
	speed: 0.0597s/iter; left time: 37289.6298s
	speed: 0.0582s/iter; left time: 36327.8760s
	speed: 0.0609s/iter; left time: 38000.6116s
	speed: 0.0599s/iter; left time: 37396.1452s
	speed: 0.0596s/iter; left time: 37188.8749s
	speed: 0.0596s/iter; left time: 37193.0118s
	speed: 0.0594s/iter; left time: 37064.7331s
	speed: 0.0599s/iter; left time: 37381.0346s
	speed: 0.0592s/iter; left time: 36951.6667s
	speed: 0.0597s/iter; left time: 37215.5745s
	speed: 0.0597s/iter; left time: 37230.2972s
	speed: 0.0593s/iter; left time: 36944.4973s
	speed: 0.0596s/iter; left time: 37129.2019s
	speed: 0.0595s/iter; left time: 37072.7912s
	speed: 0.0596s/iter; left time: 37125.7667s
	speed: 0.0594s/iter; left time: 37023.1887s
	speed: 0.0594s/iter; left time: 36996.6195s
	speed: 0.0594s/iter; left time: 37017.3201s
	speed: 0.0595s/iter; left time: 37031.0249s
	speed: 0.0595s/iter; left time: 37019.8249s
	speed: 0.0594s/iter; left time: 36980.5333s
	speed: 0.0598s/iter; left time: 37195.4129s
	speed: 0.0596s/iter; left time: 37089.1626s
	speed: 0.0595s/iter; left time: 37010.8714s
	speed: 0.0597s/iter; left time: 37160.5123s
	speed: 0.0593s/iter; left time: 36879.4972s
	speed: 0.0596s/iter; left time: 37080.8147s
	speed: 0.0594s/iter; left time: 36915.6072s
	speed: 0.0595s/iter; left time: 36988.7635s
	speed: 0.0592s/iter; left time: 36830.1134s
	speed: 0.0595s/iter; left time: 36989.6749s
	speed: 0.0594s/iter; left time: 36943.2179s
	speed: 0.0599s/iter; left time: 37193.7786s
	speed: 0.0593s/iter; left time: 36853.2269s
	speed: 0.0597s/iter; left time: 37089.3642s
	speed: 0.0597s/iter; left time: 37087.9241s
	speed: 0.0582s/iter; left time: 36122.7677s
	speed: 0.0606s/iter; left time: 37634.1889s
	speed: 0.0595s/iter; left time: 36904.6382s
	speed: 0.0594s/iter; left time: 36868.4837s
Epoch: 3 cost time: 251.31489896774292
Epoch: 3, Steps: 4222 | Train Loss: -48.4027545 Vali Loss: -48.5187820 
EarlyStopping counter: 2 out of 40
Updating learning rate to 2.5e-05
	speed: 2.5165s/iter; left time: 1561553.5235s
	speed: 0.0600s/iter; left time: 37239.0847s
	speed: 0.0595s/iter; left time: 36912.7828s
	speed: 0.0593s/iter; left time: 36759.2925s
	speed: 0.0598s/iter; left time: 37091.3785s
	speed: 0.0595s/iter; left time: 36885.0477s
	speed: 0.0596s/iter; left time: 36928.3574s
	speed: 0.0595s/iter; left time: 36865.5319s
	speed: 0.0601s/iter; left time: 37227.0690s
	speed: 0.0596s/iter; left time: 36947.0730s
	speed: 0.0597s/iter; left time: 37001.3961s
	speed: 0.0592s/iter; left time: 36650.5057s
	speed: 0.0592s/iter; left time: 36645.5901s
	speed: 0.0594s/iter; left time: 36792.9501s
	speed: 0.0596s/iter; left time: 36889.9672s
	speed: 0.0597s/iter; left time: 36974.8738s
	speed: 0.0596s/iter; left time: 36907.7806s
	speed: 0.0594s/iter; left time: 36786.4546s
	speed: 0.0600s/iter; left time: 37102.9297s
	speed: 0.0592s/iter; left time: 36598.0315s
	speed: 0.0597s/iter; left time: 36929.1691s
	speed: 0.0591s/iter; left time: 36550.4144s
	speed: 0.0604s/iter; left time: 37327.8295s
	speed: 0.0596s/iter; left time: 36849.9031s
	speed: 0.0592s/iter; left time: 36607.3912s
	speed: 0.0596s/iter; left time: 36848.1478s
	speed: 0.0593s/iter; left time: 36649.1164s
	speed: 0.0598s/iter; left time: 36926.5765s
	speed: 0.0593s/iter; left time: 36642.6744s
	speed: 0.0589s/iter; left time: 36362.0122s
	speed: 0.0595s/iter; left time: 36755.8166s
	speed: 0.0603s/iter; left time: 37222.1563s
	speed: 0.0594s/iter; left time: 36670.3072s
	speed: 0.0594s/iter; left time: 36645.0185s
	speed: 0.0595s/iter; left time: 36717.8201s
	speed: 0.0595s/iter; left time: 36742.2668s
	speed: 0.0595s/iter; left time: 36737.1138s
	speed: 0.0595s/iter; left time: 36722.9057s
	speed: 0.0593s/iter; left time: 36560.4403s
	speed: 0.0597s/iter; left time: 36789.0532s
	speed: 0.0595s/iter; left time: 36653.6418s
	speed: 0.0591s/iter; left time: 36455.8662s
Epoch: 4 cost time: 251.3411626815796
Epoch: 4, Steps: 4222 | Train Loss: -48.7340275 Vali Loss: -48.7404666 
EarlyStopping counter: 3 out of 40
Updating learning rate to 1.25e-05
	speed: 2.5136s/iter; left time: 1549142.1549s
	speed: 0.0598s/iter; left time: 36839.1975s
	speed: 0.0596s/iter; left time: 36737.9005s
	speed: 0.0596s/iter; left time: 36726.9558s
	speed: 0.0592s/iter; left time: 36488.2237s
	speed: 0.0596s/iter; left time: 36696.2372s
	speed: 0.0596s/iter; left time: 36690.6114s
	speed: 0.0594s/iter; left time: 36597.9033s
	speed: 0.0593s/iter; left time: 36491.1530s
	speed: 0.0597s/iter; left time: 36738.7521s
	speed: 0.0594s/iter; left time: 36519.0389s
	speed: 0.0597s/iter; left time: 36756.8009s
	speed: 0.0598s/iter; left time: 36804.2745s
	speed: 0.0594s/iter; left time: 36535.5014s
	speed: 0.0592s/iter; left time: 36420.6349s
	speed: 0.0596s/iter; left time: 36635.6226s
	speed: 0.0596s/iter; left time: 36642.6138s
	speed: 0.0594s/iter; left time: 36485.1868s
	speed: 0.0596s/iter; left time: 36636.5699s
	speed: 0.0594s/iter; left time: 36509.2739s
	speed: 0.0594s/iter; left time: 36486.4153s
	speed: 0.0594s/iter; left time: 36513.5786s
	speed: 0.0595s/iter; left time: 36519.6297s
	speed: 0.0597s/iter; left time: 36647.0520s
	speed: 0.0597s/iter; left time: 36635.4279s
	speed: 0.0585s/iter; left time: 35933.1814s
	speed: 0.0597s/iter; left time: 36654.6928s
	speed: 0.0601s/iter; left time: 36879.4477s
	speed: 0.0594s/iter; left time: 36442.3756s
	speed: 0.0594s/iter; left time: 36411.5543s
	speed: 0.0593s/iter; left time: 36367.2314s
	speed: 0.0593s/iter; left time: 36387.4045s
	speed: 0.0599s/iter; left time: 36736.0008s
	speed: 0.0595s/iter; left time: 36481.7846s
	speed: 0.0593s/iter; left time: 36348.8057s
	speed: 0.0594s/iter; left time: 36404.4515s
	speed: 0.0595s/iter; left time: 36461.8727s
	speed: 0.0591s/iter; left time: 36207.1509s
	speed: 0.0592s/iter; left time: 36271.1458s
	speed: 0.0592s/iter; left time: 36239.7131s
	speed: 0.0598s/iter; left time: 36636.0549s
	speed: 0.0594s/iter; left time: 36381.5377s
Epoch: 5 cost time: 251.05985832214355
Epoch: 5, Steps: 4222 | Train Loss: -48.8467386 Vali Loss: -48.7580557 
EarlyStopping counter: 4 out of 40
Updating learning rate to 6.25e-06
	speed: 2.5147s/iter; left time: 1539215.4238s
	speed: 0.0595s/iter; left time: 36414.1374s
	speed: 0.0597s/iter; left time: 36539.7387s
	speed: 0.0596s/iter; left time: 36482.4017s
	speed: 0.0595s/iter; left time: 36376.3145s
	speed: 0.0593s/iter; left time: 36279.5106s
	speed: 0.0596s/iter; left time: 36424.3467s
	speed: 0.0598s/iter; left time: 36554.4212s
	speed: 0.0595s/iter; left time: 36358.9763s
	speed: 0.0595s/iter; left time: 36337.8503s
	speed: 0.0591s/iter; left time: 36114.2781s
	speed: 0.0599s/iter; left time: 36570.1283s
	speed: 0.0592s/iter; left time: 36171.4198s
	speed: 0.0598s/iter; left time: 36511.7574s
	speed: 0.0594s/iter; left time: 36302.8743s
	speed: 0.0595s/iter; left time: 36317.1852s
	speed: 0.0594s/iter; left time: 36235.7684s
	speed: 0.0596s/iter; left time: 36365.4539s
	speed: 0.0596s/iter; left time: 36396.1852s
	speed: 0.0594s/iter; left time: 36264.6176s
	speed: 0.0594s/iter; left time: 36233.5671s
	speed: 0.0595s/iter; left time: 36268.4221s
	speed: 0.0591s/iter; left time: 36021.4531s
	speed: 0.0592s/iter; left time: 36110.4720s
	speed: 0.0599s/iter; left time: 36541.1905s
	speed: 0.0594s/iter; left time: 36184.5478s
	speed: 0.0581s/iter; left time: 35425.1168s
	speed: 0.0610s/iter; left time: 37150.4583s
	speed: 0.0595s/iter; left time: 36256.1704s
	speed: 0.0592s/iter; left time: 36065.9305s
	speed: 0.0596s/iter; left time: 36282.0581s
	speed: 0.0596s/iter; left time: 36306.3179s
	speed: 0.0595s/iter; left time: 36211.6625s
	speed: 0.0596s/iter; left time: 36261.2080s
	speed: 0.0591s/iter; left time: 35981.9542s
	speed: 0.0596s/iter; left time: 36252.9621s
	speed: 0.0585s/iter; left time: 35603.7808s
	speed: 0.0606s/iter; left time: 36872.6732s
	speed: 0.0595s/iter; left time: 36172.7658s
	speed: 0.0594s/iter; left time: 36125.5249s
	speed: 0.0595s/iter; left time: 36185.6250s
	speed: 0.0594s/iter; left time: 36088.6127s
Epoch: 6 cost time: 251.05035257339478
Epoch: 6, Steps: 4222 | Train Loss: -48.8537691 Vali Loss: -48.7621542 
EarlyStopping counter: 5 out of 40
Updating learning rate to 3.125e-06
	speed: 2.5117s/iter; left time: 1526759.7736s
	speed: 0.0592s/iter; left time: 35951.3155s
	speed: 0.0598s/iter; left time: 36323.5722s
	speed: 0.0589s/iter; left time: 35781.2793s
	speed: 0.0601s/iter; left time: 36506.5087s
	speed: 0.0596s/iter; left time: 36204.3391s
	speed: 0.0596s/iter; left time: 36171.6829s
	speed: 0.0599s/iter; left time: 36354.0757s
	speed: 0.0593s/iter; left time: 36014.9756s
	speed: 0.0595s/iter; left time: 36097.7736s
	speed: 0.0593s/iter; left time: 36013.2054s
	speed: 0.0593s/iter; left time: 36011.1293s
	speed: 0.0598s/iter; left time: 36287.3445s
	speed: 0.0595s/iter; left time: 36078.8150s
	speed: 0.0597s/iter; left time: 36188.7919s
	speed: 0.0592s/iter; left time: 35910.0695s
	speed: 0.0596s/iter; left time: 36150.5965s
	speed: 0.0592s/iter; left time: 35894.9721s
	speed: 0.0593s/iter; left time: 35911.7800s
	speed: 0.0596s/iter; left time: 36106.7418s
	speed: 0.0595s/iter; left time: 36028.7935s
	speed: 0.0592s/iter; left time: 35868.6238s
	speed: 0.0578s/iter; left time: 35035.0944s
	speed: 0.0585s/iter; left time: 35415.0311s
	speed: 0.0620s/iter; left time: 37543.7929s
	speed: 0.0601s/iter; left time: 36395.7749s
	speed: 0.0594s/iter; left time: 35969.7316s
	speed: 0.0595s/iter; left time: 36000.8177s
	speed: 0.0592s/iter; left time: 35821.0922s
	speed: 0.0595s/iter; left time: 35997.0650s
	speed: 0.0591s/iter; left time: 35745.6731s
	speed: 0.0595s/iter; left time: 35986.4507s
	speed: 0.0594s/iter; left time: 35922.7062s
	speed: 0.0595s/iter; left time: 35972.6370s
	speed: 0.0591s/iter; left time: 35740.4512s
	speed: 0.0593s/iter; left time: 35836.7910s
	speed: 0.0596s/iter; left time: 36024.0334s
	speed: 0.0593s/iter; left time: 35850.0777s
	speed: 0.0594s/iter; left time: 35885.0734s
	speed: 0.0593s/iter; left time: 35801.6564s
	speed: 0.0591s/iter; left time: 35711.5790s
	speed: 0.0592s/iter; left time: 35721.7142s
Epoch: 7 cost time: 250.92070746421814
Epoch: 7, Steps: 4222 | Train Loss: -48.8569099 Vali Loss: -48.7637517 
EarlyStopping counter: 6 out of 40
Updating learning rate to 1.5625e-06
	speed: 2.5113s/iter; left time: 1515912.6003s
	speed: 0.0602s/iter; left time: 36322.0147s
	speed: 0.0604s/iter; left time: 36442.3616s
	speed: 0.0593s/iter; left time: 35802.6629s
	speed: 0.0596s/iter; left time: 35942.7906s
	speed: 0.0595s/iter; left time: 35906.5780s
	speed: 0.0594s/iter; left time: 35822.1869s
	speed: 0.0593s/iter; left time: 35774.6430s
	speed: 0.0596s/iter; left time: 35922.8586s
	speed: 0.0594s/iter; left time: 35803.4136s
	speed: 0.0590s/iter; left time: 35577.2288s
	speed: 0.0596s/iter; left time: 35930.0575s
	speed: 0.0593s/iter; left time: 35743.9222s
	speed: 0.0595s/iter; left time: 35823.7362s
	speed: 0.0597s/iter; left time: 35945.1202s
	speed: 0.0592s/iter; left time: 35666.2484s
	speed: 0.0594s/iter; left time: 35749.7746s
	speed: 0.0592s/iter; left time: 35652.6871s
	speed: 0.0595s/iter; left time: 35834.5214s
	speed: 0.0597s/iter; left time: 35901.6942s
	speed: 0.0593s/iter; left time: 35686.1149s
	speed: 0.0596s/iter; left time: 35833.0061s
	speed: 0.0592s/iter; left time: 35626.2990s
	speed: 0.0592s/iter; left time: 35622.6652s
	speed: 0.0593s/iter; left time: 35656.3300s
	speed: 0.0598s/iter; left time: 35931.2742s
	speed: 0.0592s/iter; left time: 35560.1080s
	speed: 0.0593s/iter; left time: 35649.3218s
	speed: 0.0591s/iter; left time: 35515.6150s
	speed: 0.0597s/iter; left time: 35835.6738s
	speed: 0.0595s/iter; left time: 35732.1098s
	speed: 0.0596s/iter; left time: 35793.7956s
	speed: 0.0592s/iter; left time: 35570.1383s
	speed: 0.0593s/iter; left time: 35621.4035s
	speed: 0.0590s/iter; left time: 35391.5486s
	speed: 0.0594s/iter; left time: 35677.5197s
	speed: 0.0593s/iter; left time: 35557.9905s
	speed: 0.0597s/iter; left time: 35787.6877s
	speed: 0.0594s/iter; left time: 35629.8438s
	speed: 0.0597s/iter; left time: 35777.0815s
	speed: 0.0588s/iter; left time: 35264.5012s
	speed: 0.0598s/iter; left time: 35857.2848s
Epoch: 8 cost time: 250.82859444618225
Epoch: 8, Steps: 4222 | Train Loss: -48.8584393 Vali Loss: -48.7643779 
EarlyStopping counter: 7 out of 40
Updating learning rate to 7.8125e-07
	speed: 2.5120s/iter; left time: 1505729.7786s
	speed: 0.0598s/iter; left time: 35827.5537s
	speed: 0.0594s/iter; left time: 35604.2832s
	speed: 0.0595s/iter; left time: 35618.8665s
	speed: 0.0594s/iter; left time: 35609.6094s
	speed: 0.0597s/iter; left time: 35766.1653s
	speed: 0.0592s/iter; left time: 35464.1750s
	speed: 0.0599s/iter; left time: 35846.5008s
	speed: 0.0596s/iter; left time: 35649.7239s
	speed: 0.0593s/iter; left time: 35495.2713s
	speed: 0.0599s/iter; left time: 35822.7010s
	speed: 0.0592s/iter; left time: 35404.5824s
	speed: 0.0594s/iter; left time: 35549.9292s
	speed: 0.0598s/iter; left time: 35757.0458s
	speed: 0.0592s/iter; left time: 35397.3259s
	speed: 0.0590s/iter; left time: 35277.5684s
	speed: 0.0592s/iter; left time: 35385.3781s
	speed: 0.0592s/iter; left time: 35407.6915s
	speed: 0.0596s/iter; left time: 35591.8440s
	speed: 0.0595s/iter; left time: 35566.6192s
	speed: 0.0593s/iter; left time: 35431.0120s
	speed: 0.0597s/iter; left time: 35656.9346s
	speed: 0.0592s/iter; left time: 35383.2116s
	speed: 0.0595s/iter; left time: 35500.3023s
	speed: 0.0593s/iter; left time: 35411.1057s
	speed: 0.0596s/iter; left time: 35552.6315s
	speed: 0.0597s/iter; left time: 35609.0957s
	speed: 0.0596s/iter; left time: 35538.4376s
	speed: 0.0597s/iter; left time: 35600.9836s
	speed: 0.0593s/iter; left time: 35395.6347s
	speed: 0.0595s/iter; left time: 35464.0170s
	speed: 0.0591s/iter; left time: 35248.4197s
	speed: 0.0595s/iter; left time: 35472.2988s
	speed: 0.0595s/iter; left time: 35455.6458s
	speed: 0.0589s/iter; left time: 35123.4527s
	speed: 0.0596s/iter; left time: 35527.2292s
	speed: 0.0596s/iter; left time: 35488.8078s
	speed: 0.0595s/iter; left time: 35453.2280s
	speed: 0.0594s/iter; left time: 35371.4742s
	speed: 0.0593s/iter; left time: 35321.8585s
	speed: 0.0594s/iter; left time: 35353.5553s
	speed: 0.0591s/iter; left time: 35170.5831s
Epoch: 9 cost time: 250.89099526405334
Epoch: 9, Steps: 4222 | Train Loss: -48.8590769 Vali Loss: -48.7648755 
EarlyStopping counter: 8 out of 40
Updating learning rate to 3.90625e-07
	speed: 2.5133s/iter; left time: 1495914.4201s
	speed: 0.0595s/iter; left time: 35398.3720s
	speed: 0.0596s/iter; left time: 35467.6193s
	speed: 0.0597s/iter; left time: 35496.3614s
	speed: 0.0593s/iter; left time: 35263.2699s
	speed: 0.0591s/iter; left time: 35125.2088s
	speed: 0.0590s/iter; left time: 35073.6983s
	speed: 0.0602s/iter; left time: 35809.6768s
	speed: 0.0597s/iter; left time: 35459.9053s
	speed: 0.0590s/iter; left time: 35078.5003s
	speed: 0.0592s/iter; left time: 35187.3115s
	speed: 0.0595s/iter; left time: 35365.6149s
	speed: 0.0590s/iter; left time: 35071.6652s
	speed: 0.0599s/iter; left time: 35594.7706s
	speed: 0.0596s/iter; left time: 35413.8969s
	speed: 0.0591s/iter; left time: 35074.0212s
	speed: 0.0598s/iter; left time: 35469.4091s
	speed: 0.0595s/iter; left time: 35315.7820s
	speed: 0.0593s/iter; left time: 35206.4845s
	speed: 0.0598s/iter; left time: 35450.3474s
	speed: 0.0594s/iter; left time: 35246.2209s
	speed: 0.0591s/iter; left time: 35029.5294s
	speed: 0.0598s/iter; left time: 35450.6860s
	speed: 0.0595s/iter; left time: 35261.7764s
	speed: 0.0596s/iter; left time: 35318.2936s
	speed: 0.0594s/iter; left time: 35213.9477s
	speed: 0.0593s/iter; left time: 35169.4943s
	speed: 0.0594s/iter; left time: 35166.8016s
	speed: 0.0593s/iter; left time: 35111.7600s
	speed: 0.0593s/iter; left time: 35129.3567s
	speed: 0.0596s/iter; left time: 35295.0463s
	speed: 0.0593s/iter; left time: 35120.6555s
	speed: 0.0594s/iter; left time: 35179.5362s
	speed: 0.0594s/iter; left time: 35143.8159s
	speed: 0.0590s/iter; left time: 34895.0719s
	speed: 0.0596s/iter; left time: 35280.1847s
	speed: 0.0592s/iter; left time: 35031.3483s
	speed: 0.0595s/iter; left time: 35196.0760s
	speed: 0.0594s/iter; left time: 35115.5049s
	speed: 0.0595s/iter; left time: 35203.6317s
	speed: 0.0595s/iter; left time: 35182.6736s
	speed: 0.0594s/iter; left time: 35118.7243s
Epoch: 10 cost time: 250.89393782615662
Epoch: 10, Steps: 4222 | Train Loss: -48.8594095 Vali Loss: -48.7649381 
EarlyStopping counter: 9 out of 40
Updating learning rate to 1.953125e-07
	speed: 2.5124s/iter; left time: 1484761.8584s
	speed: 0.0594s/iter; left time: 35079.7134s
	speed: 0.0595s/iter; left time: 35171.4357s
	speed: 0.0597s/iter; left time: 35242.7216s
	speed: 0.0592s/iter; left time: 34937.9321s
	speed: 0.0595s/iter; left time: 35112.6799s
	speed: 0.0594s/iter; left time: 35092.6492s
	speed: 0.0596s/iter; left time: 35209.3351s
	speed: 0.0596s/iter; left time: 35180.6597s
	speed: 0.0593s/iter; left time: 34993.7592s
	speed: 0.0586s/iter; left time: 34593.3932s
	speed: 0.0598s/iter; left time: 35300.5547s
	speed: 0.0596s/iter; left time: 35149.8595s
	speed: 0.0593s/iter; left time: 34983.7793s
	speed: 0.0595s/iter; left time: 35088.2972s
	speed: 0.0595s/iter; left time: 35096.4915s
	speed: 0.0594s/iter; left time: 35030.5303s
	speed: 0.0596s/iter; left time: 35116.7292s
	speed: 0.0596s/iter; left time: 35090.9747s
	speed: 0.0594s/iter; left time: 34966.4415s
	speed: 0.0596s/iter; left time: 35091.3725s
	speed: 0.0594s/iter; left time: 34979.8476s
	speed: 0.0595s/iter; left time: 35033.3738s
	speed: 0.0597s/iter; left time: 35126.2992s
	speed: 0.0591s/iter; left time: 34810.8444s
	speed: 0.0595s/iter; left time: 35041.2146s
	speed: 0.0594s/iter; left time: 34961.4708s
	speed: 0.0594s/iter; left time: 34947.8330s
	speed: 0.0594s/iter; left time: 34910.1379s
	speed: 0.0596s/iter; left time: 35033.5079s
	speed: 0.0593s/iter; left time: 34843.3020s
	speed: 0.0593s/iter; left time: 34871.9595s
	speed: 0.0595s/iter; left time: 34969.8545s
	speed: 0.0597s/iter; left time: 35064.1455s
	speed: 0.0596s/iter; left time: 34994.6620s
	speed: 0.0595s/iter; left time: 34968.6446s
	speed: 0.0595s/iter; left time: 34931.1379s
	speed: 0.0590s/iter; left time: 34661.0303s
	speed: 0.0593s/iter; left time: 34796.9529s
	speed: 0.0592s/iter; left time: 34771.3567s
	speed: 0.0596s/iter; left time: 34961.3950s
	speed: 0.0594s/iter; left time: 34861.6552s
Epoch: 11 cost time: 250.89249086380005
Epoch: 11, Steps: 4222 | Train Loss: -48.8596080 Vali Loss: -48.7650594 
EarlyStopping counter: 10 out of 40
Updating learning rate to 9.765625e-08
	speed: 2.5125s/iter; left time: 1474229.0959s
	speed: 0.0602s/iter; left time: 35295.1946s
	speed: 0.0600s/iter; left time: 35180.1888s
	speed: 0.0595s/iter; left time: 34906.0839s
	speed: 0.0593s/iter; left time: 34767.3914s
	speed: 0.0598s/iter; left time: 35069.8449s
	speed: 0.0597s/iter; left time: 34991.9847s
	speed: 0.0590s/iter; left time: 34605.3767s
	speed: 0.0595s/iter; left time: 34889.7367s
	speed: 0.0595s/iter; left time: 34836.6727s
	speed: 0.0598s/iter; left time: 34999.1220s
	speed: 0.0592s/iter; left time: 34658.3193s
	speed: 0.0598s/iter; left time: 35020.1894s
	speed: 0.0594s/iter; left time: 34793.2970s
	speed: 0.0595s/iter; left time: 34807.4508s
	speed: 0.0597s/iter; left time: 34938.2783s
	speed: 0.0597s/iter; left time: 34909.9893s
	speed: 0.0593s/iter; left time: 34720.2760s
	speed: 0.0593s/iter; left time: 34684.0065s
	speed: 0.0596s/iter; left time: 34832.6938s
	speed: 0.0597s/iter; left time: 34904.5511s
	speed: 0.0588s/iter; left time: 34402.1347s
	speed: 0.0599s/iter; left time: 34992.0923s
	speed: 0.0597s/iter; left time: 34912.2975s
	speed: 0.0595s/iter; left time: 34785.4218s
	speed: 0.0594s/iter; left time: 34688.9782s
	speed: 0.0593s/iter; left time: 34651.9326s
	speed: 0.0596s/iter; left time: 34817.3930s
	speed: 0.0592s/iter; left time: 34578.2841s
	speed: 0.0595s/iter; left time: 34737.4782s
	speed: 0.0593s/iter; left time: 34622.5848s
	speed: 0.0589s/iter; left time: 34381.4649s
	speed: 0.0598s/iter; left time: 34877.4042s
	speed: 0.0595s/iter; left time: 34702.2548s
	speed: 0.0594s/iter; left time: 34641.4928s
	speed: 0.0597s/iter; left time: 34824.2656s
	speed: 0.0594s/iter; left time: 34620.7778s
	speed: 0.0592s/iter; left time: 34538.4191s
	speed: 0.0596s/iter; left time: 34732.2619s
	speed: 0.0594s/iter; left time: 34622.5962s
	speed: 0.0596s/iter; left time: 34742.1138s
	speed: 0.0589s/iter; left time: 34341.4286s
Epoch: 12 cost time: 251.05540227890015
Epoch: 12, Steps: 4222 | Train Loss: -48.8596981 Vali Loss: -48.7650899 
EarlyStopping counter: 11 out of 40
Updating learning rate to 4.8828125e-08
	speed: 2.5141s/iter; left time: 1464557.7333s
	speed: 0.0596s/iter; left time: 34696.6401s
	speed: 0.0597s/iter; left time: 34743.9975s
	speed: 0.0591s/iter; left time: 34428.4268s
	speed: 0.0597s/iter; left time: 34735.3320s
	speed: 0.0595s/iter; left time: 34623.3794s
	speed: 0.0596s/iter; left time: 34708.2641s
	speed: 0.0593s/iter; left time: 34526.4865s
	speed: 0.0597s/iter; left time: 34707.1594s
	speed: 0.0593s/iter; left time: 34492.5791s
	speed: 0.0596s/iter; left time: 34672.7508s
	speed: 0.0596s/iter; left time: 34667.1087s
	speed: 0.0591s/iter; left time: 34361.9750s
	speed: 0.0594s/iter; left time: 34551.4518s
	speed: 0.0593s/iter; left time: 34481.9083s
	speed: 0.0590s/iter; left time: 34292.0249s
	speed: 0.0596s/iter; left time: 34603.5834s
	speed: 0.0596s/iter; left time: 34642.6045s
	speed: 0.0596s/iter; left time: 34620.9003s
	speed: 0.0595s/iter; left time: 34521.6269s
	speed: 0.0595s/iter; left time: 34566.2401s
	speed: 0.0591s/iter; left time: 34330.0834s
	speed: 0.0593s/iter; left time: 34435.3173s
	speed: 0.0596s/iter; left time: 34589.6469s
	speed: 0.0595s/iter; left time: 34531.9363s
	speed: 0.0594s/iter; left time: 34453.1305s
	speed: 0.0591s/iter; left time: 34260.6011s
	speed: 0.0596s/iter; left time: 34584.4716s
	speed: 0.0597s/iter; left time: 34582.0027s
	speed: 0.0595s/iter; left time: 34464.4703s
	speed: 0.0595s/iter; left time: 34467.6356s
	speed: 0.0592s/iter; left time: 34315.4883s
	speed: 0.0593s/iter; left time: 34367.3091s
	speed: 0.0594s/iter; left time: 34400.9539s
	speed: 0.0594s/iter; left time: 34428.0732s
	speed: 0.0595s/iter; left time: 34466.0129s
	speed: 0.0595s/iter; left time: 34474.8242s
	speed: 0.0592s/iter; left time: 34275.7983s
	speed: 0.0592s/iter; left time: 34269.8864s
	speed: 0.0594s/iter; left time: 34394.4427s
	speed: 0.0590s/iter; left time: 34131.9870s
	speed: 0.0586s/iter; left time: 33914.5773s
Epoch: 13 cost time: 250.7951374053955
Epoch: 13, Steps: 4222 | Train Loss: -48.8597399 Vali Loss: -48.7650948 
EarlyStopping counter: 12 out of 40
Updating learning rate to 2.44140625e-08
	speed: 2.5147s/iter; left time: 1454314.2993s
	speed: 0.0593s/iter; left time: 34293.9068s
	speed: 0.0592s/iter; left time: 34242.7816s
	speed: 0.0598s/iter; left time: 34592.0170s
	speed: 0.0596s/iter; left time: 34437.6096s
	speed: 0.0595s/iter; left time: 34385.1947s
	speed: 0.0593s/iter; left time: 34261.9392s
	speed: 0.0596s/iter; left time: 34440.5676s
	speed: 0.0595s/iter; left time: 34356.2717s
	speed: 0.0594s/iter; left time: 34284.5401s
	speed: 0.0595s/iter; left time: 34342.5692s
	speed: 0.0594s/iter; left time: 34310.8762s
	speed: 0.0593s/iter; left time: 34209.3544s
	speed: 0.0590s/iter; left time: 34061.2745s
	speed: 0.0597s/iter; left time: 34451.1211s
	speed: 0.0596s/iter; left time: 34369.3961s
	speed: 0.0596s/iter; left time: 34365.4121s
	speed: 0.0594s/iter; left time: 34250.6688s
	speed: 0.0595s/iter; left time: 34316.4512s
	speed: 0.0595s/iter; left time: 34325.4345s
	speed: 0.0596s/iter; left time: 34325.6503s
	speed: 0.0593s/iter; left time: 34192.4965s
	speed: 0.0597s/iter; left time: 34379.7215s
	speed: 0.0594s/iter; left time: 34209.0152s
	speed: 0.0597s/iter; left time: 34407.6885s
	speed: 0.0585s/iter; left time: 33679.5496s
	speed: 0.0603s/iter; left time: 34724.2371s
	speed: 0.0592s/iter; left time: 34091.8490s
	speed: 0.0596s/iter; left time: 34282.5368s
	speed: 0.0595s/iter; left time: 34243.8231s
	speed: 0.0594s/iter; left time: 34194.4357s
	speed: 0.0583s/iter; left time: 33558.2193s
	speed: 0.0597s/iter; left time: 34358.9125s
	speed: 0.0599s/iter; left time: 34457.2506s
	speed: 0.0596s/iter; left time: 34282.8713s
	speed: 0.0594s/iter; left time: 34124.4945s
	speed: 0.0596s/iter; left time: 34265.3065s
	speed: 0.0595s/iter; left time: 34191.5669s
	speed: 0.0595s/iter; left time: 34170.5658s
	speed: 0.0590s/iter; left time: 33908.9616s
	speed: 0.0595s/iter; left time: 34172.9477s
	speed: 0.0595s/iter; left time: 34142.7232s
Epoch: 14 cost time: 250.9745969772339
Epoch: 14, Steps: 4222 | Train Loss: -48.8597579 Vali Loss: -48.7650926 
EarlyStopping counter: 13 out of 40
Updating learning rate to 1.220703125e-08
	speed: 2.5131s/iter; left time: 1442724.7015s
	speed: 0.0591s/iter; left time: 33949.8944s
	speed: 0.0595s/iter; left time: 34157.8645s
	speed: 0.0600s/iter; left time: 34445.4300s
	speed: 0.0594s/iter; left time: 34072.4514s
	speed: 0.0595s/iter; left time: 34117.2512s
	speed: 0.0597s/iter; left time: 34218.0986s
	speed: 0.0593s/iter; left time: 34027.1667s
	speed: 0.0594s/iter; left time: 34054.4424s
	speed: 0.0598s/iter; left time: 34266.2561s
	speed: 0.0594s/iter; left time: 34018.6836s
	speed: 0.0593s/iter; left time: 33982.2448s
	speed: 0.0595s/iter; left time: 34065.8670s
	speed: 0.0595s/iter; left time: 34088.9447s
	speed: 0.0595s/iter; left time: 34055.1364s
	speed: 0.0593s/iter; left time: 33965.8764s
	speed: 0.0594s/iter; left time: 34031.6442s
	speed: 0.0595s/iter; left time: 34077.3629s
	speed: 0.0594s/iter; left time: 33965.7393s
	speed: 0.0595s/iter; left time: 34044.0282s
	speed: 0.0588s/iter; left time: 33618.2984s
	speed: 0.0596s/iter; left time: 34109.9081s
	speed: 0.0599s/iter; left time: 34231.4946s
	speed: 0.0596s/iter; left time: 34055.3468s
	speed: 0.0584s/iter; left time: 33361.7148s
	speed: 0.0605s/iter; left time: 34574.2543s
	speed: 0.0597s/iter; left time: 34097.8331s
	speed: 0.0576s/iter; left time: 32921.6694s
	speed: 0.0601s/iter; left time: 34344.8825s
	speed: 0.0602s/iter; left time: 34392.8374s
	speed: 0.0596s/iter; left time: 34036.1681s
	speed: 0.0584s/iter; left time: 33331.9865s
	speed: 0.0595s/iter; left time: 33990.9556s
	speed: 0.0606s/iter; left time: 34609.3377s
	speed: 0.0593s/iter; left time: 33865.4425s
	speed: 0.0592s/iter; left time: 33777.6422s
	speed: 0.0590s/iter; left time: 33675.0817s
	speed: 0.0595s/iter; left time: 33961.2087s
	speed: 0.0594s/iter; left time: 33900.3819s
	speed: 0.0596s/iter; left time: 33967.8721s
	speed: 0.0592s/iter; left time: 33742.1174s
	speed: 0.0573s/iter; left time: 32665.4233s
Epoch: 15 cost time: 250.70409846305847
Epoch: 15, Steps: 4222 | Train Loss: -48.8597653 Vali Loss: -48.7650899 
EarlyStopping counter: 14 out of 40
Updating learning rate to 6.103515625e-09
	speed: 2.5121s/iter; left time: 1431579.2015s
	speed: 0.0595s/iter; left time: 33899.2638s
	speed: 0.0597s/iter; left time: 34033.3325s
	speed: 0.0592s/iter; left time: 33737.1507s
	speed: 0.0594s/iter; left time: 33819.0342s
	speed: 0.0596s/iter; left time: 33924.9388s
	speed: 0.0595s/iter; left time: 33859.6009s
	speed: 0.0590s/iter; left time: 33588.4676s
	speed: 0.0596s/iter; left time: 33900.4116s
	speed: 0.0594s/iter; left time: 33799.4904s
	speed: 0.0597s/iter; left time: 33955.5322s
	speed: 0.0596s/iter; left time: 33913.2670s
	speed: 0.0594s/iter; left time: 33753.2918s
	speed: 0.0594s/iter; left time: 33765.7949s
	speed: 0.0596s/iter; left time: 33882.3518s
	speed: 0.0593s/iter; left time: 33697.3270s
	speed: 0.0597s/iter; left time: 33905.4153s
	speed: 0.0592s/iter; left time: 33610.4206s
	speed: 0.0594s/iter; left time: 33762.7624s
	speed: 0.0580s/iter; left time: 32943.9495s
	speed: 0.0576s/iter; left time: 32684.3114s
	speed: 0.0627s/iter; left time: 35624.8084s
	speed: 0.0601s/iter; left time: 34100.7818s
	speed: 0.0593s/iter; left time: 33666.6563s
	speed: 0.0594s/iter; left time: 33717.1064s
	speed: 0.0591s/iter; left time: 33546.3726s
	speed: 0.0594s/iter; left time: 33702.5249s
	speed: 0.0592s/iter; left time: 33589.0359s
	speed: 0.0598s/iter; left time: 33900.6707s
	speed: 0.0590s/iter; left time: 33425.6290s
	speed: 0.0596s/iter; left time: 33758.7030s
	speed: 0.0596s/iter; left time: 33807.0235s
	speed: 0.0594s/iter; left time: 33638.9706s
	speed: 0.0596s/iter; left time: 33787.4779s
	speed: 0.0592s/iter; left time: 33525.9484s
	speed: 0.0593s/iter; left time: 33611.0101s
	speed: 0.0595s/iter; left time: 33678.8853s
	speed: 0.0593s/iter; left time: 33583.2911s
	speed: 0.0596s/iter; left time: 33732.0231s
	speed: 0.0596s/iter; left time: 33708.6436s
	speed: 0.0593s/iter; left time: 33548.0275s
	speed: 0.0594s/iter; left time: 33583.1096s
Epoch: 16 cost time: 250.91467547416687
Epoch: 16, Steps: 4222 | Train Loss: -48.8597693 Vali Loss: -48.7650896 
EarlyStopping counter: 15 out of 40
Updating learning rate to 3.0517578125e-09
	speed: 2.5110s/iter; left time: 1420361.8211s
	speed: 0.0597s/iter; left time: 33775.5268s
	speed: 0.0594s/iter; left time: 33592.8801s
	speed: 0.0592s/iter; left time: 33478.4416s
	speed: 0.0599s/iter; left time: 33882.4668s
	speed: 0.0592s/iter; left time: 33471.6873s
	speed: 0.0596s/iter; left time: 33668.9157s
	speed: 0.0594s/iter; left time: 33536.6690s
	speed: 0.0598s/iter; left time: 33766.1503s
	speed: 0.0591s/iter; left time: 33399.6290s
	speed: 0.0593s/iter; left time: 33455.6697s
	speed: 0.0596s/iter; left time: 33619.0487s
	speed: 0.0598s/iter; left time: 33751.1529s
	speed: 0.0594s/iter; left time: 33503.9768s
	speed: 0.0597s/iter; left time: 33671.7150s
	speed: 0.0593s/iter; left time: 33471.6668s
	speed: 0.0595s/iter; left time: 33560.2676s
	speed: 0.0590s/iter; left time: 33271.4050s
	speed: 0.0595s/iter; left time: 33555.2144s
	speed: 0.0596s/iter; left time: 33573.7337s
	speed: 0.0594s/iter; left time: 33499.7193s
	speed: 0.0595s/iter; left time: 33535.3027s
	speed: 0.0578s/iter; left time: 32541.2773s
	speed: 0.0601s/iter; left time: 33860.5548s
	speed: 0.0606s/iter; left time: 34141.7992s
	speed: 0.0597s/iter; left time: 33596.3487s
	speed: 0.0596s/iter; left time: 33530.5005s
	speed: 0.0593s/iter; left time: 33382.5687s
	speed: 0.0592s/iter; left time: 33345.8185s
	speed: 0.0594s/iter; left time: 33419.2367s
	speed: 0.0591s/iter; left time: 33260.7017s
	speed: 0.0593s/iter; left time: 33355.7883s
	speed: 0.0591s/iter; left time: 33267.8859s
	speed: 0.0592s/iter; left time: 33311.5572s
	speed: 0.0595s/iter; left time: 33432.0339s
	speed: 0.0596s/iter; left time: 33509.2165s
	speed: 0.0594s/iter; left time: 33390.2737s
	speed: 0.0597s/iter; left time: 33557.7152s
	speed: 0.0592s/iter; left time: 33273.8923s
	speed: 0.0593s/iter; left time: 33337.4296s
	speed: 0.0595s/iter; left time: 33422.0620s
	speed: 0.0595s/iter; left time: 33398.9126s
Epoch: 17 cost time: 250.85456204414368
Epoch: 17, Steps: 4222 | Train Loss: -48.8597701 Vali Loss: -48.7650897 
EarlyStopping counter: 16 out of 40
Updating learning rate to 1.52587890625e-09
	speed: 2.5114s/iter; left time: 1409968.2677s
	speed: 0.0594s/iter; left time: 33348.6752s
	speed: 0.0592s/iter; left time: 33196.6357s
	speed: 0.0596s/iter; left time: 33449.5027s
	speed: 0.0596s/iter; left time: 33413.2999s
	speed: 0.0592s/iter; left time: 33194.6300s
	speed: 0.0599s/iter; left time: 33565.8270s
	speed: 0.0591s/iter; left time: 33150.8684s
	speed: 0.0591s/iter; left time: 33146.0590s
	speed: 0.0595s/iter; left time: 33344.8579s
	speed: 0.0599s/iter; left time: 33579.2966s
	speed: 0.0594s/iter; left time: 33299.1720s
	speed: 0.0597s/iter; left time: 33450.4033s
	speed: 0.0593s/iter; left time: 33229.4188s
	speed: 0.0594s/iter; left time: 33239.5035s
	speed: 0.0592s/iter; left time: 33125.8654s
	speed: 0.0596s/iter; left time: 33346.6575s
	speed: 0.0594s/iter; left time: 33236.6451s
	speed: 0.0594s/iter; left time: 33245.2038s
	speed: 0.0593s/iter; left time: 33166.2751s
	speed: 0.0596s/iter; left time: 33355.3606s
	speed: 0.0592s/iter; left time: 33139.2790s
	speed: 0.0594s/iter; left time: 33241.8782s
	speed: 0.0596s/iter; left time: 33329.9815s
	speed: 0.0594s/iter; left time: 33214.2371s
	speed: 0.0597s/iter; left time: 33340.1390s
	speed: 0.0590s/iter; left time: 32970.0994s
	speed: 0.0595s/iter; left time: 33234.6802s
	speed: 0.0595s/iter; left time: 33237.2519s
	speed: 0.0595s/iter; left time: 33240.5902s
	speed: 0.0594s/iter; left time: 33163.9604s
	speed: 0.0591s/iter; left time: 33022.9679s
	speed: 0.0593s/iter; left time: 33098.1567s
	speed: 0.0597s/iter; left time: 33337.0298s
	speed: 0.0592s/iter; left time: 33018.6109s
	speed: 0.0593s/iter; left time: 33106.6886s
	speed: 0.0594s/iter; left time: 33159.1175s
	speed: 0.0581s/iter; left time: 32412.9087s
	speed: 0.0607s/iter; left time: 33840.6849s
	speed: 0.0595s/iter; left time: 33186.7301s
	speed: 0.0593s/iter; left time: 33056.6614s
	speed: 0.0594s/iter; left time: 33113.4386s
Epoch: 18 cost time: 250.83016562461853
Epoch: 18, Steps: 4222 | Train Loss: -48.8597706 Vali Loss: -48.7650896 
EarlyStopping counter: 17 out of 40
Updating learning rate to 7.62939453125e-10
	speed: 2.5114s/iter; left time: 1399354.3352s
	speed: 0.0601s/iter; left time: 33490.7211s
	speed: 0.0598s/iter; left time: 33301.5924s
	speed: 0.0591s/iter; left time: 32933.6770s
	speed: 0.0594s/iter; left time: 33094.0028s
	speed: 0.0596s/iter; left time: 33174.6940s
	speed: 0.0594s/iter; left time: 33043.2915s
	speed: 0.0594s/iter; left time: 33029.7191s
	speed: 0.0594s/iter; left time: 33059.6054s
	speed: 0.0599s/iter; left time: 33314.2327s
	speed: 0.0589s/iter; left time: 32755.6932s
	speed: 0.0595s/iter; left time: 33095.4511s
	speed: 0.0595s/iter; left time: 33080.4803s
	speed: 0.0597s/iter; left time: 33203.6029s
	speed: 0.0595s/iter; left time: 33049.9747s
	speed: 0.0594s/iter; left time: 33006.2646s
	speed: 0.0596s/iter; left time: 33099.2816s
	speed: 0.0594s/iter; left time: 33001.8725s
	speed: 0.0592s/iter; left time: 32898.3959s
	speed: 0.0597s/iter; left time: 33146.5307s
	speed: 0.0581s/iter; left time: 32264.9448s
	speed: 0.0581s/iter; left time: 32259.9089s
	speed: 0.0623s/iter; left time: 34554.0625s
	speed: 0.0598s/iter; left time: 33208.7273s
	speed: 0.0592s/iter; left time: 32856.8189s
	speed: 0.0588s/iter; left time: 32618.3964s
	speed: 0.0598s/iter; left time: 33170.8309s
	speed: 0.0594s/iter; left time: 32942.7744s
	speed: 0.0593s/iter; left time: 32887.7549s
	speed: 0.0596s/iter; left time: 33032.9069s
	speed: 0.0593s/iter; left time: 32846.5520s
	speed: 0.0593s/iter; left time: 32872.9166s
	speed: 0.0588s/iter; left time: 32598.4272s
	speed: 0.0599s/iter; left time: 33162.7505s
	speed: 0.0597s/iter; left time: 33061.3823s
	speed: 0.0593s/iter; left time: 32836.6831s
	speed: 0.0592s/iter; left time: 32785.3668s
	speed: 0.0598s/iter; left time: 33112.9250s
	speed: 0.0592s/iter; left time: 32736.8782s
	speed: 0.0592s/iter; left time: 32755.9189s
	speed: 0.0594s/iter; left time: 32835.6010s
	speed: 0.0595s/iter; left time: 32887.8217s
Epoch: 19 cost time: 250.87222146987915
Epoch: 19, Steps: 4222 | Train Loss: -48.8597700 Vali Loss: -48.7650896 
EarlyStopping counter: 18 out of 40
Updating learning rate to 3.814697265625e-10
	speed: 2.5107s/iter; left time: 1388394.7081s
	speed: 0.0594s/iter; left time: 32850.7308s
	speed: 0.0597s/iter; left time: 33023.8230s
	speed: 0.0594s/iter; left time: 32838.9607s
	speed: 0.0594s/iter; left time: 32818.0711s
	speed: 0.0593s/iter; left time: 32753.7093s
	speed: 0.0596s/iter; left time: 32899.3314s
	speed: 0.0595s/iter; left time: 32855.2597s
	speed: 0.0596s/iter; left time: 32916.4750s
	speed: 0.0595s/iter; left time: 32837.9374s
	speed: 0.0594s/iter; left time: 32787.9748s
	speed: 0.0594s/iter; left time: 32769.8268s
	speed: 0.0595s/iter; left time: 32824.4084s
	speed: 0.0595s/iter; left time: 32797.8683s
	speed: 0.0594s/iter; left time: 32780.5281s
	speed: 0.0595s/iter; left time: 32796.0643s
	speed: 0.0594s/iter; left time: 32751.3828s
	speed: 0.0593s/iter; left time: 32705.9871s
	speed: 0.0595s/iter; left time: 32783.8008s
	speed: 0.0599s/iter; left time: 33002.6572s
	speed: 0.0596s/iter; left time: 32819.3237s
	speed: 0.0592s/iter; left time: 32600.4034s
	speed: 0.0595s/iter; left time: 32752.4651s
	speed: 0.0594s/iter; left time: 32720.6722s
	speed: 0.0595s/iter; left time: 32785.3663s
	speed: 0.0593s/iter; left time: 32666.3490s
	speed: 0.0596s/iter; left time: 32789.9476s
	speed: 0.0589s/iter; left time: 32430.2757s
	speed: 0.0600s/iter; left time: 33006.9372s
	speed: 0.0595s/iter; left time: 32729.5296s
	speed: 0.0592s/iter; left time: 32553.3792s
	speed: 0.0590s/iter; left time: 32442.5102s
	speed: 0.0602s/iter; left time: 33087.9707s
	speed: 0.0595s/iter; left time: 32703.3132s
	speed: 0.0594s/iter; left time: 32658.6468s
	speed: 0.0592s/iter; left time: 32517.0571s
	speed: 0.0595s/iter; left time: 32662.4851s
	speed: 0.0592s/iter; left time: 32518.6056s
	speed: 0.0594s/iter; left time: 32603.1684s
	speed: 0.0597s/iter; left time: 32762.8034s
	speed: 0.0595s/iter; left time: 32645.3752s
	speed: 0.0591s/iter; left time: 32419.6938s
Epoch: 20 cost time: 250.9812262058258
Epoch: 20, Steps: 4222 | Train Loss: -48.8597710 Vali Loss: -48.7650896 
EarlyStopping counter: 19 out of 40
Updating learning rate to 1.9073486328125e-10
	speed: 2.5122s/iter; left time: 1378601.2060s
	speed: 0.0593s/iter; left time: 32551.6338s
	speed: 0.0597s/iter; left time: 32757.1497s
	speed: 0.0596s/iter; left time: 32700.0262s
	speed: 0.0591s/iter; left time: 32416.1133s
	speed: 0.0598s/iter; left time: 32802.1853s
	speed: 0.0596s/iter; left time: 32654.8370s
	speed: 0.0594s/iter; left time: 32537.8656s
	speed: 0.0595s/iter; left time: 32592.1321s
	speed: 0.0595s/iter; left time: 32603.1845s
	speed: 0.0596s/iter; left time: 32620.4692s
	speed: 0.0592s/iter; left time: 32411.0519s
	speed: 0.0597s/iter; left time: 32697.1138s
	speed: 0.0590s/iter; left time: 32291.4622s
	speed: 0.0599s/iter; left time: 32774.6960s
	speed: 0.0597s/iter; left time: 32651.0635s
	speed: 0.0595s/iter; left time: 32581.9526s
	speed: 0.0594s/iter; left time: 32501.2552s
	speed: 0.0599s/iter; left time: 32763.0083s
	speed: 0.0588s/iter; left time: 32131.4685s
	speed: 0.0594s/iter; left time: 32481.9042s
	speed: 0.0597s/iter; left time: 32636.3031s
	speed: 0.0595s/iter; left time: 32538.2284s
	speed: 0.0595s/iter; left time: 32518.2354s
	speed: 0.0595s/iter; left time: 32499.7196s
	speed: 0.0595s/iter; left time: 32523.9358s
	speed: 0.0598s/iter; left time: 32660.7079s
	speed: 0.0592s/iter; left time: 32345.7961s
	speed: 0.0595s/iter; left time: 32503.6087s
	speed: 0.0590s/iter; left time: 32210.8452s
	speed: 0.0596s/iter; left time: 32515.0075s
	speed: 0.0595s/iter; left time: 32476.5726s
	speed: 0.0592s/iter; left time: 32321.3855s
	speed: 0.0592s/iter; left time: 32312.7027s
	speed: 0.0594s/iter; left time: 32405.4152s
	speed: 0.0576s/iter; left time: 31399.7093s
	speed: 0.0593s/iter; left time: 32321.7035s
	speed: 0.0615s/iter; left time: 33535.6053s
	speed: 0.0597s/iter; left time: 32556.7288s
	speed: 0.0594s/iter; left time: 32341.8051s
	speed: 0.0599s/iter; left time: 32626.9797s
	speed: 0.0592s/iter; left time: 32227.2346s
Epoch: 21 cost time: 251.05548453330994
Epoch: 21, Steps: 4222 | Train Loss: -48.8597706 Vali Loss: -48.7650896 
EarlyStopping counter: 20 out of 40
Updating learning rate to 9.5367431640625e-11
	speed: 2.5108s/iter; left time: 1367215.3147s
	speed: 0.0599s/iter; left time: 32615.0296s
	speed: 0.0594s/iter; left time: 32354.1358s
	speed: 0.0593s/iter; left time: 32255.6081s
	speed: 0.0595s/iter; left time: 32389.9809s
	speed: 0.0596s/iter; left time: 32408.2010s
	speed: 0.0593s/iter; left time: 32260.5669s
	speed: 0.0598s/iter; left time: 32508.0525s
	speed: 0.0594s/iter; left time: 32288.6191s
	speed: 0.0593s/iter; left time: 32261.0730s
	speed: 0.0597s/iter; left time: 32456.9761s
	speed: 0.0594s/iter; left time: 32274.8727s
	speed: 0.0593s/iter; left time: 32224.4412s
	speed: 0.0594s/iter; left time: 32266.7119s
	speed: 0.0596s/iter; left time: 32349.9602s
	speed: 0.0595s/iter; left time: 32287.5199s
	speed: 0.0597s/iter; left time: 32412.9484s
	speed: 0.0595s/iter; left time: 32289.3072s
	speed: 0.0593s/iter; left time: 32161.7795s
	speed: 0.0595s/iter; left time: 32262.7409s
	speed: 0.0595s/iter; left time: 32301.3970s
	speed: 0.0594s/iter; left time: 32202.8849s
	speed: 0.0596s/iter; left time: 32346.7038s
	speed: 0.0597s/iter; left time: 32397.7364s
	speed: 0.0589s/iter; left time: 31918.0642s
	speed: 0.0600s/iter; left time: 32527.8595s
	speed: 0.0595s/iter; left time: 32244.2712s
	speed: 0.0591s/iter; left time: 31995.6225s
	speed: 0.0593s/iter; left time: 32141.7602s
	speed: 0.0593s/iter; left time: 32108.3804s
	speed: 0.0594s/iter; left time: 32189.5546s
	speed: 0.0596s/iter; left time: 32254.1836s
	speed: 0.0594s/iter; left time: 32157.2354s
	speed: 0.0595s/iter; left time: 32229.8297s
	speed: 0.0595s/iter; left time: 32178.9355s
	speed: 0.0596s/iter; left time: 32220.9850s
	speed: 0.0594s/iter; left time: 32117.4793s
	speed: 0.0592s/iter; left time: 32037.8944s
	speed: 0.0591s/iter; left time: 31939.6263s
	speed: 0.0598s/iter; left time: 32355.5589s
	speed: 0.0593s/iter; left time: 32059.5768s
	speed: 0.0594s/iter; left time: 32084.7014s
Epoch: 22 cost time: 250.93782758712769
Epoch: 22, Steps: 4222 | Train Loss: -48.8597699 Vali Loss: -48.7650896 
EarlyStopping counter: 21 out of 40
Updating learning rate to 4.76837158203125e-11
	speed: 2.5132s/iter; left time: 1357915.2388s
	speed: 0.0587s/iter; left time: 31700.5597s
	speed: 0.0602s/iter; left time: 32518.0618s
	speed: 0.0596s/iter; left time: 32162.0985s
	speed: 0.0594s/iter; left time: 32073.9343s
	speed: 0.0595s/iter; left time: 32141.2177s
	speed: 0.0595s/iter; left time: 32096.0977s
	speed: 0.0589s/iter; left time: 31798.2166s
	speed: 0.0602s/iter; left time: 32495.7958s
	speed: 0.0593s/iter; left time: 31971.6548s
	speed: 0.0597s/iter; left time: 32206.0626s
	speed: 0.0594s/iter; left time: 32052.2708s
	speed: 0.0597s/iter; left time: 32183.1886s
	speed: 0.0596s/iter; left time: 32138.1862s
	speed: 0.0599s/iter; left time: 32257.4301s
	speed: 0.0594s/iter; left time: 31996.5372s
	speed: 0.0596s/iter; left time: 32116.3624s
	speed: 0.0594s/iter; left time: 32002.1188s
	speed: 0.0595s/iter; left time: 32054.6241s
	speed: 0.0595s/iter; left time: 32033.8631s
	speed: 0.0592s/iter; left time: 31848.7057s
	speed: 0.0596s/iter; left time: 32073.4526s
	speed: 0.0588s/iter; left time: 31637.2286s
	speed: 0.0601s/iter; left time: 32315.9899s
	speed: 0.0579s/iter; left time: 31149.4660s
	speed: 0.0594s/iter; left time: 31925.6101s
	speed: 0.0612s/iter; left time: 32888.6098s
	speed: 0.0594s/iter; left time: 31952.4565s
	speed: 0.0592s/iter; left time: 31846.7273s
	speed: 0.0599s/iter; left time: 32207.8661s
	speed: 0.0595s/iter; left time: 31963.0200s
	speed: 0.0594s/iter; left time: 31889.9548s
	speed: 0.0594s/iter; left time: 31885.2442s
	speed: 0.0595s/iter; left time: 31939.7147s
	speed: 0.0593s/iter; left time: 31852.5095s
	speed: 0.0591s/iter; left time: 31732.8835s
	speed: 0.0594s/iter; left time: 31902.9563s
	speed: 0.0598s/iter; left time: 32074.3836s
	speed: 0.0594s/iter; left time: 31894.8339s
	speed: 0.0595s/iter; left time: 31897.8838s
	speed: 0.0592s/iter; left time: 31736.3578s
	speed: 0.0591s/iter; left time: 31670.9571s
Epoch: 23 cost time: 251.07632493972778
Epoch: 23, Steps: 4222 | Train Loss: -48.8597699 Vali Loss: -48.7650896 
EarlyStopping counter: 22 out of 40
Updating learning rate to 2.384185791015625e-11
	speed: 2.5129s/iter; left time: 1347135.0229s
	speed: 0.0597s/iter; left time: 32016.1087s
	speed: 0.0591s/iter; left time: 31692.4574s
	speed: 0.0599s/iter; left time: 32084.0237s
	speed: 0.0594s/iter; left time: 31833.5610s
	speed: 0.0595s/iter; left time: 31879.5588s
	speed: 0.0595s/iter; left time: 31854.5299s
	speed: 0.0595s/iter; left time: 31839.2362s
	speed: 0.0594s/iter; left time: 31814.5132s
	speed: 0.0598s/iter; left time: 31991.9917s
	speed: 0.0595s/iter; left time: 31860.9124s
	speed: 0.0595s/iter; left time: 31821.3569s
	speed: 0.0589s/iter; left time: 31509.4799s
	speed: 0.0600s/iter; left time: 32072.2693s
	speed: 0.0589s/iter; left time: 31482.5854s
	speed: 0.0599s/iter; left time: 32030.5941s
	speed: 0.0595s/iter; left time: 31827.5877s
	speed: 0.0596s/iter; left time: 31835.5118s
	speed: 0.0592s/iter; left time: 31655.7722s
	speed: 0.0596s/iter; left time: 31835.9296s
	speed: 0.0593s/iter; left time: 31685.2744s
	speed: 0.0593s/iter; left time: 31647.8049s
	speed: 0.0591s/iter; left time: 31540.6938s
	speed: 0.0599s/iter; left time: 31957.1345s
	speed: 0.0595s/iter; left time: 31746.3237s
	speed: 0.0596s/iter; left time: 31790.6420s
	speed: 0.0575s/iter; left time: 30649.5619s
	speed: 0.0603s/iter; left time: 32181.7652s
	speed: 0.0608s/iter; left time: 32425.2345s
	speed: 0.0594s/iter; left time: 31652.5381s
	speed: 0.0581s/iter; left time: 30976.2344s
	speed: 0.0607s/iter; left time: 32345.0318s
	speed: 0.0597s/iter; left time: 31805.8617s
	speed: 0.0594s/iter; left time: 31662.9707s
	speed: 0.0596s/iter; left time: 31760.4730s
	speed: 0.0593s/iter; left time: 31584.5168s
	speed: 0.0593s/iter; left time: 31595.2229s
	speed: 0.0593s/iter; left time: 31564.0717s
	speed: 0.0595s/iter; left time: 31648.9591s
	speed: 0.0594s/iter; left time: 31610.5980s
	speed: 0.0590s/iter; left time: 31394.1130s
	speed: 0.0597s/iter; left time: 31759.9292s
Epoch: 24 cost time: 251.032071352005
Epoch: 24, Steps: 4222 | Train Loss: -48.8597709 Vali Loss: -48.7650896 
EarlyStopping counter: 23 out of 40
Updating learning rate to 1.1920928955078126e-11
	speed: 2.5126s/iter; left time: 1336373.4897s
	speed: 0.0593s/iter; left time: 31516.8179s
	speed: 0.0596s/iter; left time: 31709.1513s
	speed: 0.0598s/iter; left time: 31805.4855s
	speed: 0.0591s/iter; left time: 31417.2483s
	speed: 0.0597s/iter; left time: 31748.4518s
	speed: 0.0594s/iter; left time: 31576.5732s
	speed: 0.0596s/iter; left time: 31654.0370s
	speed: 0.0593s/iter; left time: 31494.5918s
	speed: 0.0594s/iter; left time: 31534.4289s
	speed: 0.0589s/iter; left time: 31245.4162s
	speed: 0.0601s/iter; left time: 31884.8209s
	speed: 0.0595s/iter; left time: 31553.0466s
	speed: 0.0596s/iter; left time: 31644.6475s
	speed: 0.0590s/iter; left time: 31276.2993s
	speed: 0.0598s/iter; left time: 31741.3946s
	speed: 0.0595s/iter; left time: 31543.5848s
	speed: 0.0591s/iter; left time: 31353.9890s
	speed: 0.0598s/iter; left time: 31707.1425s
	speed: 0.0590s/iter; left time: 31294.6983s
	speed: 0.0596s/iter; left time: 31575.0455s
	speed: 0.0597s/iter; left time: 31601.5059s
	speed: 0.0591s/iter; left time: 31329.0363s
	speed: 0.0600s/iter; left time: 31750.8060s
	speed: 0.0595s/iter; left time: 31505.4325s
	speed: 0.0592s/iter; left time: 31347.3281s
	speed: 0.0594s/iter; left time: 31425.7850s
	speed: 0.0596s/iter; left time: 31563.4519s
	speed: 0.0593s/iter; left time: 31351.5699s
	speed: 0.0594s/iter; left time: 31426.6226s
	speed: 0.0596s/iter; left time: 31522.4311s
	speed: 0.0590s/iter; left time: 31209.3093s
	speed: 0.0593s/iter; left time: 31333.9044s
	speed: 0.0597s/iter; left time: 31572.6447s
	speed: 0.0596s/iter; left time: 31480.1111s
	speed: 0.0593s/iter; left time: 31341.7166s
	speed: 0.0593s/iter; left time: 31307.2672s
	speed: 0.0593s/iter; left time: 31339.9650s
	speed: 0.0594s/iter; left time: 31348.2936s
	speed: 0.0589s/iter; left time: 31102.9890s
	speed: 0.0597s/iter; left time: 31528.2675s
	speed: 0.0596s/iter; left time: 31474.1293s
Epoch: 25 cost time: 250.94446849822998
Epoch: 25, Steps: 4222 | Train Loss: -48.8597707 Vali Loss: -48.7650896 
EarlyStopping counter: 24 out of 40
Updating learning rate to 5.960464477539063e-12
	speed: 2.5127s/iter; left time: 1325846.2811s
	speed: 0.0592s/iter; left time: 31225.3055s
	speed: 0.0593s/iter; left time: 31290.5295s
	speed: 0.0593s/iter; left time: 31270.5631s
	speed: 0.0597s/iter; left time: 31472.8270s
	speed: 0.0597s/iter; left time: 31488.5846s
	speed: 0.0594s/iter; left time: 31303.7938s
	speed: 0.0592s/iter; left time: 31202.1268s
	speed: 0.0598s/iter; left time: 31491.9443s
	speed: 0.0595s/iter; left time: 31341.3218s
	speed: 0.0593s/iter; left time: 31227.6598s
	speed: 0.0594s/iter; left time: 31290.5888s
	speed: 0.0596s/iter; left time: 31393.7570s
	speed: 0.0597s/iter; left time: 31427.9637s
	speed: 0.0594s/iter; left time: 31244.9148s
	speed: 0.0593s/iter; left time: 31222.8604s
	speed: 0.0596s/iter; left time: 31367.9122s
	speed: 0.0596s/iter; left time: 31330.0159s
	speed: 0.0595s/iter; left time: 31283.4997s
	speed: 0.0595s/iter; left time: 31258.7533s
	speed: 0.0597s/iter; left time: 31363.4847s
	speed: 0.0594s/iter; left time: 31230.5981s
	speed: 0.0595s/iter; left time: 31269.7242s
	speed: 0.0594s/iter; left time: 31182.4611s
	speed: 0.0590s/iter; left time: 30973.8603s
	speed: 0.0595s/iter; left time: 31267.0060s
	speed: 0.0594s/iter; left time: 31190.5096s
	speed: 0.0598s/iter; left time: 31408.7948s
	speed: 0.0594s/iter; left time: 31186.1191s
	speed: 0.0594s/iter; left time: 31154.7110s
	speed: 0.0595s/iter; left time: 31221.6857s
	speed: 0.0594s/iter; left time: 31171.2349s
	speed: 0.0593s/iter; left time: 31107.6070s
	speed: 0.0594s/iter; left time: 31153.8818s
	speed: 0.0590s/iter; left time: 30915.1519s
	speed: 0.0596s/iter; left time: 31233.5376s
	speed: 0.0597s/iter; left time: 31281.3944s
	speed: 0.0589s/iter; left time: 30883.1388s
	speed: 0.0596s/iter; left time: 31216.5677s
	speed: 0.0596s/iter; left time: 31221.1740s
	speed: 0.0594s/iter; left time: 31118.3695s
	speed: 0.0593s/iter; left time: 31070.8892s
Epoch: 26 cost time: 250.94287824630737
Epoch: 26, Steps: 4222 | Train Loss: -48.8597699 Vali Loss: -48.7650896 
EarlyStopping counter: 25 out of 40
Updating learning rate to 2.9802322387695314e-12
	speed: 2.5133s/iter; left time: 1315527.1592s
	speed: 0.0595s/iter; left time: 31132.5010s
	speed: 0.0595s/iter; left time: 31149.1700s
	speed: 0.0592s/iter; left time: 30973.9954s
	speed: 0.0597s/iter; left time: 31199.2356s
	speed: 0.0602s/iter; left time: 31471.1520s
	speed: 0.0589s/iter; left time: 30785.7609s
	speed: 0.0599s/iter; left time: 31337.2316s
	speed: 0.0597s/iter; left time: 31210.3230s
	speed: 0.0594s/iter; left time: 31057.9477s
	speed: 0.0595s/iter; left time: 31088.9014s
	speed: 0.0594s/iter; left time: 31034.2981s
	speed: 0.0597s/iter; left time: 31166.1906s
	speed: 0.0596s/iter; left time: 31117.1832s
	speed: 0.0595s/iter; left time: 31076.7651s
	speed: 0.0598s/iter; left time: 31217.4741s
	speed: 0.0594s/iter; left time: 31015.4692s
	speed: 0.0592s/iter; left time: 30901.2529s
	speed: 0.0600s/iter; left time: 31272.3818s
	speed: 0.0593s/iter; left time: 30919.3960s
	speed: 0.0597s/iter; left time: 31115.6812s
	speed: 0.0593s/iter; left time: 30922.9004s
	speed: 0.0595s/iter; left time: 31038.4111s
	speed: 0.0594s/iter; left time: 30958.2063s
	speed: 0.0597s/iter; left time: 31083.2912s
	speed: 0.0594s/iter; left time: 30918.6610s
	speed: 0.0595s/iter; left time: 30975.8502s
	speed: 0.0600s/iter; left time: 31245.0870s
	speed: 0.0597s/iter; left time: 31059.9247s
	speed: 0.0593s/iter; left time: 30867.2174s
	speed: 0.0593s/iter; left time: 30878.8385s
	speed: 0.0598s/iter; left time: 31123.6536s
	speed: 0.0592s/iter; left time: 30774.0543s
	speed: 0.0594s/iter; left time: 30889.5803s
	speed: 0.0597s/iter; left time: 31061.5271s
	speed: 0.0596s/iter; left time: 31004.3905s
	speed: 0.0596s/iter; left time: 30966.5309s
	speed: 0.0594s/iter; left time: 30894.9321s
	speed: 0.0598s/iter; left time: 31099.7604s
	speed: 0.0592s/iter; left time: 30732.6459s
	speed: 0.0598s/iter; left time: 31065.6005s
	speed: 0.0595s/iter; left time: 30879.1047s
Epoch: 27 cost time: 251.3362774848938
Epoch: 27, Steps: 4222 | Train Loss: -48.8597708 Vali Loss: -48.7650896 
EarlyStopping counter: 26 out of 40
Updating learning rate to 1.4901161193847657e-12
	speed: 2.5151s/iter; left time: 1305851.0168s
	speed: 0.0594s/iter; left time: 30857.2350s
	speed: 0.0597s/iter; left time: 30991.5188s
	speed: 0.0593s/iter; left time: 30763.6820s
	speed: 0.0598s/iter; left time: 31009.3319s
	speed: 0.0595s/iter; left time: 30885.4633s
	speed: 0.0594s/iter; left time: 30827.9104s
	speed: 0.0595s/iter; left time: 30836.3865s
	speed: 0.0594s/iter; left time: 30790.0340s
	speed: 0.0596s/iter; left time: 30883.7966s
	speed: 0.0599s/iter; left time: 31015.3593s
	speed: 0.0599s/iter; left time: 31044.9769s
	speed: 0.0589s/iter; left time: 30527.0374s
	speed: 0.0597s/iter; left time: 30908.2153s
	speed: 0.0598s/iter; left time: 30943.4763s
	speed: 0.0595s/iter; left time: 30805.2232s
	speed: 0.0594s/iter; left time: 30748.5735s
	speed: 0.0596s/iter; left time: 30867.4191s
	speed: 0.0595s/iter; left time: 30798.6029s
	speed: 0.0594s/iter; left time: 30744.4755s
	speed: 0.0596s/iter; left time: 30824.7630s
	speed: 0.0593s/iter; left time: 30681.5714s
	speed: 0.0595s/iter; left time: 30770.3801s
	speed: 0.0591s/iter; left time: 30530.0009s
	speed: 0.0596s/iter; left time: 30792.0754s
	speed: 0.0592s/iter; left time: 30599.5828s
	speed: 0.0599s/iter; left time: 30927.0514s
	speed: 0.0593s/iter; left time: 30638.7786s
	speed: 0.0592s/iter; left time: 30574.2251s
	speed: 0.0596s/iter; left time: 30753.3085s
	speed: 0.0594s/iter; left time: 30660.1817s
	speed: 0.0593s/iter; left time: 30621.7485s
	speed: 0.0598s/iter; left time: 30849.1851s
	speed: 0.0597s/iter; left time: 30791.8165s
	speed: 0.0594s/iter; left time: 30660.3330s
	speed: 0.0592s/iter; left time: 30513.8892s
	speed: 0.0596s/iter; left time: 30740.7027s
	speed: 0.0594s/iter; left time: 30642.1183s
	speed: 0.0595s/iter; left time: 30672.9936s
	speed: 0.0595s/iter; left time: 30681.0667s
	speed: 0.0589s/iter; left time: 30330.3618s
	speed: 0.0599s/iter; left time: 30860.4051s
Epoch: 28 cost time: 251.14343452453613
Epoch: 28, Steps: 4222 | Train Loss: -48.8597707 Vali Loss: -48.7650896 
EarlyStopping counter: 27 out of 40
Updating learning rate to 7.450580596923828e-13
	speed: 2.5135s/iter; left time: 1294420.8465s
	speed: 0.0595s/iter; left time: 30661.3670s
	speed: 0.0598s/iter; left time: 30770.1440s
	speed: 0.0594s/iter; left time: 30583.6768s
	speed: 0.0579s/iter; left time: 29773.6293s
	speed: 0.0608s/iter; left time: 31297.3734s
	speed: 0.0595s/iter; left time: 30596.8729s
	speed: 0.0598s/iter; left time: 30748.2484s
	speed: 0.0594s/iter; left time: 30531.8442s
	speed: 0.0597s/iter; left time: 30716.3344s
	speed: 0.0590s/iter; left time: 30330.2807s
	speed: 0.0598s/iter; left time: 30732.9536s
	speed: 0.0590s/iter; left time: 30331.2011s
	speed: 0.0594s/iter; left time: 30519.3399s
	speed: 0.0594s/iter; left time: 30508.3697s
	speed: 0.0596s/iter; left time: 30581.5180s
	speed: 0.0598s/iter; left time: 30689.4071s
	speed: 0.0594s/iter; left time: 30475.7119s
	speed: 0.0592s/iter; left time: 30376.0706s
	speed: 0.0598s/iter; left time: 30694.7454s
	speed: 0.0595s/iter; left time: 30545.3577s
	speed: 0.0592s/iter; left time: 30384.2503s
	speed: 0.0595s/iter; left time: 30522.0471s
	speed: 0.0593s/iter; left time: 30398.6907s
	speed: 0.0595s/iter; left time: 30519.9696s
	speed: 0.0593s/iter; left time: 30403.1158s
	speed: 0.0595s/iter; left time: 30462.8968s
	speed: 0.0595s/iter; left time: 30493.3401s
	speed: 0.0593s/iter; left time: 30348.8953s
	speed: 0.0598s/iter; left time: 30618.8910s
	speed: 0.0593s/iter; left time: 30365.4299s
	speed: 0.0596s/iter; left time: 30505.5587s
	speed: 0.0591s/iter; left time: 30253.6638s
	speed: 0.0597s/iter; left time: 30561.0019s
	speed: 0.0592s/iter; left time: 30292.0249s
	speed: 0.0596s/iter; left time: 30500.9630s
	speed: 0.0586s/iter; left time: 29952.7710s
	speed: 0.0580s/iter; left time: 29639.7652s
	speed: 0.0613s/iter; left time: 31356.5465s
	speed: 0.0599s/iter; left time: 30626.7897s
	speed: 0.0593s/iter; left time: 30299.7796s
	speed: 0.0593s/iter; left time: 30281.3637s
Epoch: 29 cost time: 250.9554250240326
Epoch: 29, Steps: 4222 | Train Loss: -48.8597712 Vali Loss: -48.7650896 
EarlyStopping counter: 28 out of 40
Updating learning rate to 3.725290298461914e-13
	speed: 2.5128s/iter; left time: 1283441.7202s
	speed: 0.0596s/iter; left time: 30426.7184s
	speed: 0.0594s/iter; left time: 30343.3207s
	speed: 0.0596s/iter; left time: 30410.0591s
	speed: 0.0595s/iter; left time: 30384.3093s
	speed: 0.0592s/iter; left time: 30202.6210s
	speed: 0.0593s/iter; left time: 30270.5182s
	speed: 0.0599s/iter; left time: 30531.8997s
	speed: 0.0596s/iter; left time: 30378.1008s
	speed: 0.0596s/iter; left time: 30397.7568s
	speed: 0.0593s/iter; left time: 30252.2996s
	speed: 0.0596s/iter; left time: 30360.3880s
	speed: 0.0593s/iter; left time: 30210.8004s
	speed: 0.0597s/iter; left time: 30398.5689s
	speed: 0.0596s/iter; left time: 30344.4663s
	speed: 0.0592s/iter; left time: 30152.4302s
	speed: 0.0597s/iter; left time: 30378.9775s
	speed: 0.0593s/iter; left time: 30196.4116s
	speed: 0.0593s/iter; left time: 30157.0574s
	speed: 0.0594s/iter; left time: 30226.8265s
	speed: 0.0597s/iter; left time: 30398.0854s
	speed: 0.0594s/iter; left time: 30191.9223s
	speed: 0.0598s/iter; left time: 30405.1744s
	speed: 0.0591s/iter; left time: 30075.1607s
	speed: 0.0595s/iter; left time: 30241.1629s
	speed: 0.0597s/iter; left time: 30321.7313s
	speed: 0.0595s/iter; left time: 30255.7585s
	speed: 0.0593s/iter; left time: 30140.0362s
	speed: 0.0591s/iter; left time: 30012.3869s
	speed: 0.0597s/iter; left time: 30299.2063s
	speed: 0.0596s/iter; left time: 30274.3379s
	speed: 0.0594s/iter; left time: 30166.5599s
	speed: 0.0595s/iter; left time: 30209.7088s
	speed: 0.0596s/iter; left time: 30258.3481s
	speed: 0.0590s/iter; left time: 29914.5829s
	speed: 0.0597s/iter; left time: 30286.5933s
	speed: 0.0596s/iter; left time: 30213.6818s
	speed: 0.0594s/iter; left time: 30120.9678s
	speed: 0.0592s/iter; left time: 29998.3668s
	speed: 0.0595s/iter; left time: 30143.7313s
	speed: 0.0595s/iter; left time: 30158.0484s
	speed: 0.0598s/iter; left time: 30293.0913s
Epoch: 30 cost time: 251.07352352142334
Epoch: 30, Steps: 4222 | Train Loss: -48.8597708 Vali Loss: -48.7650896 
EarlyStopping counter: 29 out of 40
Updating learning rate to 1.862645149230957e-13
	speed: 2.5106s/iter; left time: 1271709.9108s
	speed: 0.0609s/iter; left time: 30848.6246s
	speed: 0.0600s/iter; left time: 30355.5275s
	speed: 0.0597s/iter; left time: 30230.9992s
	speed: 0.0595s/iter; left time: 30118.9013s
	speed: 0.0594s/iter; left time: 30069.3177s
	speed: 0.0590s/iter; left time: 29858.9319s
	speed: 0.0598s/iter; left time: 30243.2136s
	speed: 0.0592s/iter; left time: 29947.1710s
	speed: 0.0597s/iter; left time: 30185.3598s
	speed: 0.0594s/iter; left time: 30008.6045s
	speed: 0.0595s/iter; left time: 30087.0521s
	speed: 0.0592s/iter; left time: 29906.5020s
	speed: 0.0597s/iter; left time: 30139.1840s
	speed: 0.0596s/iter; left time: 30106.8711s
	speed: 0.0589s/iter; left time: 29762.5111s
	speed: 0.0598s/iter; left time: 30206.7630s
	speed: 0.0592s/iter; left time: 29868.5439s
	speed: 0.0594s/iter; left time: 29984.3654s
	speed: 0.0596s/iter; left time: 30101.6571s
	speed: 0.0596s/iter; left time: 30090.1696s
	speed: 0.0593s/iter; left time: 29936.4419s
	speed: 0.0595s/iter; left time: 30009.2060s
	speed: 0.0595s/iter; left time: 29996.8324s
	speed: 0.0595s/iter; left time: 29975.5489s
	speed: 0.0599s/iter; left time: 30171.8705s
	speed: 0.0589s/iter; left time: 29679.7777s
	speed: 0.0592s/iter; left time: 29852.0108s
	speed: 0.0599s/iter; left time: 30159.0565s
	speed: 0.0596s/iter; left time: 30018.2754s
	speed: 0.0595s/iter; left time: 29948.6508s
	speed: 0.0591s/iter; left time: 29745.9781s
	speed: 0.0595s/iter; left time: 29962.8760s
	speed: 0.0594s/iter; left time: 29904.0064s
	speed: 0.0597s/iter; left time: 30037.0416s
	speed: 0.0593s/iter; left time: 29854.1962s
	speed: 0.0586s/iter; left time: 29480.7202s
	speed: 0.0597s/iter; left time: 30023.6636s
	speed: 0.0600s/iter; left time: 30140.1446s
	speed: 0.0596s/iter; left time: 29952.5695s
	speed: 0.0597s/iter; left time: 29992.4266s
	speed: 0.0592s/iter; left time: 29757.9997s
Epoch: 31 cost time: 250.9734389781952
Epoch: 31, Steps: 4222 | Train Loss: -48.8597707 Vali Loss: -48.7650896 
EarlyStopping counter: 30 out of 40
Updating learning rate to 9.313225746154786e-14
	speed: 2.5113s/iter; left time: 1261474.7843s
	speed: 0.0594s/iter; left time: 29840.8216s
	speed: 0.0592s/iter; left time: 29725.2285s
	speed: 0.0596s/iter; left time: 29936.8523s
	speed: 0.0596s/iter; left time: 29919.6403s
	speed: 0.0595s/iter; left time: 29863.6422s
	speed: 0.0585s/iter; left time: 29338.5357s
	speed: 0.0602s/iter; left time: 30221.3014s
	speed: 0.0599s/iter; left time: 30016.6123s
	speed: 0.0596s/iter; left time: 29906.0816s
	speed: 0.0594s/iter; left time: 29772.0333s
	speed: 0.0593s/iter; left time: 29730.6771s
	speed: 0.0598s/iter; left time: 29949.7870s
	speed: 0.0592s/iter; left time: 29666.5558s
	speed: 0.0593s/iter; left time: 29715.7830s
	speed: 0.0596s/iter; left time: 29865.0456s
	speed: 0.0595s/iter; left time: 29785.3648s
	speed: 0.0597s/iter; left time: 29883.0204s
	speed: 0.0593s/iter; left time: 29689.0253s
	speed: 0.0595s/iter; left time: 29754.9154s
	speed: 0.0594s/iter; left time: 29705.2525s
	speed: 0.0595s/iter; left time: 29763.1202s
	speed: 0.0595s/iter; left time: 29754.9774s
	speed: 0.0598s/iter; left time: 29876.8083s
	speed: 0.0594s/iter; left time: 29685.3211s
	speed: 0.0593s/iter; left time: 29660.7062s
	speed: 0.0596s/iter; left time: 29792.7566s
	speed: 0.0591s/iter; left time: 29546.9544s
	speed: 0.0601s/iter; left time: 30004.2066s
	speed: 0.0594s/iter; left time: 29672.7165s
	speed: 0.0592s/iter; left time: 29583.0112s
	speed: 0.0598s/iter; left time: 29839.6539s
	speed: 0.0597s/iter; left time: 29805.5916s
	speed: 0.0590s/iter; left time: 29446.5224s
	speed: 0.0595s/iter; left time: 29697.1144s
	speed: 0.0598s/iter; left time: 29820.0690s
	speed: 0.0595s/iter; left time: 29686.8292s
	speed: 0.0595s/iter; left time: 29658.0802s
	speed: 0.0590s/iter; left time: 29407.1945s
	speed: 0.0595s/iter; left time: 29678.5386s
	speed: 0.0596s/iter; left time: 29692.4417s
	speed: 0.0595s/iter; left time: 29667.8637s
Epoch: 32 cost time: 251.14442253112793
Epoch: 32, Steps: 4222 | Train Loss: -48.8597710 Vali Loss: -48.7650896 
EarlyStopping counter: 31 out of 40
Updating learning rate to 4.656612873077393e-14
	speed: 2.5125s/iter; left time: 1251446.5741s
	speed: 0.0595s/iter; left time: 29624.9505s
	speed: 0.0595s/iter; left time: 29648.3522s
	speed: 0.0592s/iter; left time: 29490.6029s
	speed: 0.0596s/iter; left time: 29685.7413s
	speed: 0.0596s/iter; left time: 29680.5514s
	speed: 0.0598s/iter; left time: 29774.8545s
	speed: 0.0591s/iter; left time: 29375.9046s
	speed: 0.0579s/iter; left time: 28770.7696s
	speed: 0.0611s/iter; left time: 30385.6471s
	speed: 0.0597s/iter; left time: 29657.1156s
	speed: 0.0595s/iter; left time: 29571.3395s
	speed: 0.0588s/iter; left time: 29196.2445s
	speed: 0.0602s/iter; left time: 29921.4082s
	speed: 0.0592s/iter; left time: 29390.6359s
	speed: 0.0596s/iter; left time: 29588.1547s
	speed: 0.0595s/iter; left time: 29518.0106s
	speed: 0.0593s/iter; left time: 29440.2504s
	speed: 0.0591s/iter; left time: 29311.0246s
	speed: 0.0596s/iter; left time: 29590.7390s
	speed: 0.0596s/iter; left time: 29579.5050s
	speed: 0.0592s/iter; left time: 29366.8542s
	speed: 0.0595s/iter; left time: 29512.4773s
	speed: 0.0591s/iter; left time: 29318.0422s
	speed: 0.0599s/iter; left time: 29690.5721s
	speed: 0.0596s/iter; left time: 29539.2297s
	speed: 0.0591s/iter; left time: 29288.0244s
	speed: 0.0594s/iter; left time: 29437.2039s
	speed: 0.0595s/iter; left time: 29464.8590s
	speed: 0.0597s/iter; left time: 29549.0615s
	speed: 0.0594s/iter; left time: 29399.4239s
	speed: 0.0593s/iter; left time: 29331.3843s
	speed: 0.0592s/iter; left time: 29290.1282s
	speed: 0.0595s/iter; left time: 29456.9834s
	speed: 0.0594s/iter; left time: 29401.4613s
	speed: 0.0593s/iter; left time: 29337.1965s
	speed: 0.0595s/iter; left time: 29446.1712s
	speed: 0.0591s/iter; left time: 29241.1070s
	speed: 0.0595s/iter; left time: 29422.0560s
	speed: 0.0597s/iter; left time: 29481.0351s
	speed: 0.0596s/iter; left time: 29455.8562s
	speed: 0.0595s/iter; left time: 29369.4640s
Epoch: 33 cost time: 250.9562919139862
Epoch: 33, Steps: 4222 | Train Loss: -48.8597706 Vali Loss: -48.7650896 
EarlyStopping counter: 32 out of 40
Updating learning rate to 2.3283064365386964e-14
	speed: 2.5141s/iter; left time: 1241659.4451s
	speed: 0.0596s/iter; left time: 29408.5696s
	speed: 0.0594s/iter; left time: 29307.9030s
	speed: 0.0592s/iter; left time: 29224.9053s
	speed: 0.0596s/iter; left time: 29416.4152s
	speed: 0.0598s/iter; left time: 29519.2722s
	speed: 0.0597s/iter; left time: 29461.0144s
	speed: 0.0591s/iter; left time: 29130.2355s
	speed: 0.0595s/iter; left time: 29330.7400s
	speed: 0.0595s/iter; left time: 29356.1308s
	speed: 0.0596s/iter; left time: 29351.6941s
	speed: 0.0594s/iter; left time: 29287.0015s
	speed: 0.0598s/iter; left time: 29457.6072s
	speed: 0.0595s/iter; left time: 29308.4676s
	speed: 0.0597s/iter; left time: 29396.1878s
	speed: 0.0593s/iter; left time: 29213.7209s
	speed: 0.0597s/iter; left time: 29368.2959s
	speed: 0.0594s/iter; left time: 29220.9415s
	speed: 0.0597s/iter; left time: 29401.2942s
	speed: 0.0593s/iter; left time: 29154.5705s
	speed: 0.0596s/iter; left time: 29322.9765s
	speed: 0.0591s/iter; left time: 29068.3900s
	speed: 0.0597s/iter; left time: 29355.8263s
	speed: 0.0595s/iter; left time: 29241.3689s
	speed: 0.0594s/iter; left time: 29177.1812s
	speed: 0.0595s/iter; left time: 29226.8055s
	speed: 0.0595s/iter; left time: 29251.3135s
	speed: 0.0594s/iter; left time: 29168.2233s
	speed: 0.0595s/iter; left time: 29209.9685s
	speed: 0.0591s/iter; left time: 29018.6562s
	speed: 0.0595s/iter; left time: 29195.4975s
	speed: 0.0594s/iter; left time: 29160.1476s
	speed: 0.0596s/iter; left time: 29262.7935s
	speed: 0.0594s/iter; left time: 29135.5084s
	speed: 0.0592s/iter; left time: 29053.1910s
	speed: 0.0592s/iter; left time: 29019.8476s
	speed: 0.0595s/iter; left time: 29179.0132s
	speed: 0.0596s/iter; left time: 29211.5412s
	speed: 0.0597s/iter; left time: 29234.0635s
	speed: 0.0592s/iter; left time: 29007.4024s
	speed: 0.0595s/iter; left time: 29125.2899s
	speed: 0.0595s/iter; left time: 29132.2138s
Epoch: 34 cost time: 251.046813249588
Epoch: 34, Steps: 4222 | Train Loss: -48.8597704 Vali Loss: -48.7650896 
EarlyStopping counter: 33 out of 40
Updating learning rate to 1.1641532182693482e-14
	speed: 2.5121s/iter; left time: 1230075.0323s
	speed: 0.0614s/iter; left time: 30068.6614s
	speed: 0.0600s/iter; left time: 29377.9719s
	speed: 0.0597s/iter; left time: 29192.0399s
	speed: 0.0594s/iter; left time: 29056.7398s
	speed: 0.0597s/iter; left time: 29187.3129s
	speed: 0.0595s/iter; left time: 29122.7210s
	speed: 0.0594s/iter; left time: 29024.1469s
	speed: 0.0595s/iter; left time: 29105.9020s
	speed: 0.0592s/iter; left time: 28956.5140s
	speed: 0.0595s/iter; left time: 29094.1305s
	speed: 0.0595s/iter; left time: 29081.0806s
	speed: 0.0595s/iter; left time: 29040.7001s
	speed: 0.0596s/iter; left time: 29097.5641s
	speed: 0.0593s/iter; left time: 28976.9026s
	speed: 0.0591s/iter; left time: 28867.5891s
	speed: 0.0595s/iter; left time: 29016.1794s
	speed: 0.0597s/iter; left time: 29137.5208s
	speed: 0.0592s/iter; left time: 28881.5772s
	speed: 0.0591s/iter; left time: 28813.6470s
	speed: 0.0604s/iter; left time: 29450.7693s
	speed: 0.0596s/iter; left time: 29081.4840s
	speed: 0.0593s/iter; left time: 28890.1820s
	speed: 0.0593s/iter; left time: 28906.0939s
	speed: 0.0593s/iter; left time: 28901.9621s
	speed: 0.0595s/iter; left time: 28998.5599s
	speed: 0.0592s/iter; left time: 28854.4470s
	speed: 0.0595s/iter; left time: 28998.0148s
	speed: 0.0596s/iter; left time: 28998.3986s
	speed: 0.0594s/iter; left time: 28899.7049s
	speed: 0.0595s/iter; left time: 28972.9515s
	speed: 0.0589s/iter; left time: 28645.6909s
	speed: 0.0597s/iter; left time: 29054.2479s
	speed: 0.0595s/iter; left time: 28919.7859s
	speed: 0.0595s/iter; left time: 28922.9705s
	speed: 0.0594s/iter; left time: 28875.8264s
	speed: 0.0593s/iter; left time: 28818.4411s
	speed: 0.0600s/iter; left time: 29165.0261s
	speed: 0.0589s/iter; left time: 28605.6833s
	speed: 0.0591s/iter; left time: 28716.4014s
	speed: 0.0598s/iter; left time: 29021.3256s
	speed: 0.0592s/iter; left time: 28734.2670s
Epoch: 35 cost time: 250.9859778881073
Epoch: 35, Steps: 4222 | Train Loss: -48.8597709 Vali Loss: -48.7650896 
EarlyStopping counter: 34 out of 40
Updating learning rate to 5.820766091346741e-15
	speed: 2.5144s/iter; left time: 1220567.9046s
	speed: 0.0596s/iter; left time: 28902.5646s
	speed: 0.0597s/iter; left time: 28955.5513s
	speed: 0.0594s/iter; left time: 28839.8671s
	speed: 0.0596s/iter; left time: 28906.8498s
	speed: 0.0590s/iter; left time: 28627.7748s
	speed: 0.0601s/iter; left time: 29161.4038s
	speed: 0.0592s/iter; left time: 28713.5045s
	speed: 0.0599s/iter; left time: 29037.0553s
	speed: 0.0595s/iter; left time: 28812.5611s
	speed: 0.0591s/iter; left time: 28623.7084s
	speed: 0.0590s/iter; left time: 28555.0999s
	speed: 0.0598s/iter; left time: 28934.2911s
	speed: 0.0599s/iter; left time: 28981.6552s
	speed: 0.0595s/iter; left time: 28797.1547s
	speed: 0.0591s/iter; left time: 28592.4341s
	speed: 0.0599s/iter; left time: 29005.2872s
	speed: 0.0595s/iter; left time: 28781.9740s
	speed: 0.0594s/iter; left time: 28735.5387s
	speed: 0.0597s/iter; left time: 28844.8913s
	speed: 0.0595s/iter; left time: 28758.4613s
	speed: 0.0597s/iter; left time: 28853.6094s
	speed: 0.0594s/iter; left time: 28687.6688s
	speed: 0.0595s/iter; left time: 28734.9419s
	speed: 0.0596s/iter; left time: 28776.1963s
	speed: 0.0591s/iter; left time: 28544.5547s
	speed: 0.0599s/iter; left time: 28903.5429s
	speed: 0.0591s/iter; left time: 28506.7869s
	speed: 0.0598s/iter; left time: 28840.7447s
	speed: 0.0596s/iter; left time: 28759.6416s
	speed: 0.0597s/iter; left time: 28818.7577s
	speed: 0.0594s/iter; left time: 28664.0807s
	speed: 0.0594s/iter; left time: 28663.0955s
	speed: 0.0594s/iter; left time: 28650.5157s
	speed: 0.0595s/iter; left time: 28666.4825s
	speed: 0.0597s/iter; left time: 28771.5083s
	speed: 0.0578s/iter; left time: 27831.6098s
	speed: 0.0607s/iter; left time: 29259.3997s
	speed: 0.0599s/iter; left time: 28867.7080s
	speed: 0.0594s/iter; left time: 28595.9649s
	speed: 0.0595s/iter; left time: 28663.6281s
	speed: 0.0597s/iter; left time: 28742.0950s
Epoch: 36 cost time: 251.1900291442871
Epoch: 36, Steps: 4222 | Train Loss: -48.8597710 Vali Loss: -48.7650896 
EarlyStopping counter: 35 out of 40
Updating learning rate to 2.9103830456733705e-15
	speed: 2.5137s/iter; left time: 1209598.6932s
	speed: 0.0593s/iter; left time: 28528.5000s
	speed: 0.0595s/iter; left time: 28633.0945s
	speed: 0.0595s/iter; left time: 28601.9274s
	speed: 0.0596s/iter; left time: 28678.5851s
	speed: 0.0595s/iter; left time: 28620.0958s
	speed: 0.0590s/iter; left time: 28352.8479s
	speed: 0.0577s/iter; left time: 27745.2503s
	speed: 0.0614s/iter; left time: 29511.9653s
	speed: 0.0594s/iter; left time: 28540.0199s
	speed: 0.0600s/iter; left time: 28826.3155s
	speed: 0.0595s/iter; left time: 28554.5274s
	speed: 0.0593s/iter; left time: 28470.4587s
	speed: 0.0595s/iter; left time: 28557.2242s
	speed: 0.0594s/iter; left time: 28523.1896s
	speed: 0.0595s/iter; left time: 28522.8102s
	speed: 0.0597s/iter; left time: 28611.9685s
	speed: 0.0595s/iter; left time: 28554.0198s
	speed: 0.0591s/iter; left time: 28346.9243s
	speed: 0.0591s/iter; left time: 28345.0374s
	speed: 0.0598s/iter; left time: 28675.0392s
	speed: 0.0593s/iter; left time: 28422.2122s
	speed: 0.0593s/iter; left time: 28400.0046s
	speed: 0.0593s/iter; left time: 28387.5297s
	speed: 0.0598s/iter; left time: 28630.4130s
	speed: 0.0595s/iter; left time: 28460.5668s
	speed: 0.0596s/iter; left time: 28516.1242s
	speed: 0.0589s/iter; left time: 28163.1478s
	speed: 0.0596s/iter; left time: 28505.8265s
	speed: 0.0595s/iter; left time: 28444.6817s
	speed: 0.0593s/iter; left time: 28344.9663s
	speed: 0.0585s/iter; left time: 27954.2028s
	speed: 0.0607s/iter; left time: 28998.6129s
	speed: 0.0593s/iter; left time: 28351.9657s
	speed: 0.0595s/iter; left time: 28418.5207s
	speed: 0.0597s/iter; left time: 28541.4301s
	speed: 0.0592s/iter; left time: 28292.7306s
	speed: 0.0594s/iter; left time: 28346.0448s
	speed: 0.0589s/iter; left time: 28113.4991s
	speed: 0.0597s/iter; left time: 28481.5276s
	speed: 0.0594s/iter; left time: 28350.7227s
	speed: 0.0596s/iter; left time: 28446.2402s
Epoch: 37 cost time: 250.9802553653717
Epoch: 37, Steps: 4222 | Train Loss: -48.8597707 Vali Loss: -48.7650896 
EarlyStopping counter: 36 out of 40
Updating learning rate to 1.4551915228366853e-15
	speed: 2.5127s/iter; left time: 1198528.1165s
	speed: 0.0606s/iter; left time: 28916.9332s
	speed: 0.0596s/iter; left time: 28409.7406s
	speed: 0.0597s/iter; left time: 28463.8614s
	speed: 0.0594s/iter; left time: 28306.9728s
	speed: 0.0596s/iter; left time: 28408.2124s
	speed: 0.0587s/iter; left time: 27986.2813s
	speed: 0.0599s/iter; left time: 28518.9126s
	speed: 0.0600s/iter; left time: 28560.6105s
	speed: 0.0591s/iter; left time: 28147.4800s
	speed: 0.0599s/iter; left time: 28501.9514s
	speed: 0.0592s/iter; left time: 28168.9005s
	speed: 0.0591s/iter; left time: 28103.5201s
	speed: 0.0601s/iter; left time: 28580.9360s
	speed: 0.0585s/iter; left time: 27815.7410s
	speed: 0.0604s/iter; left time: 28720.6560s
	speed: 0.0598s/iter; left time: 28422.1163s
	speed: 0.0594s/iter; left time: 28248.6128s
	speed: 0.0595s/iter; left time: 28257.0372s
	speed: 0.0592s/iter; left time: 28105.3716s
	speed: 0.0593s/iter; left time: 28168.0114s
	speed: 0.0594s/iter; left time: 28225.3574s
	speed: 0.0594s/iter; left time: 28206.3315s
	speed: 0.0596s/iter; left time: 28278.0938s
	speed: 0.0592s/iter; left time: 28115.9009s
	speed: 0.0590s/iter; left time: 27997.4146s
	speed: 0.0597s/iter; left time: 28327.9639s
	speed: 0.0595s/iter; left time: 28232.0993s
	speed: 0.0594s/iter; left time: 28158.1532s
	speed: 0.0595s/iter; left time: 28213.9447s
	speed: 0.0588s/iter; left time: 27892.9788s
	speed: 0.0596s/iter; left time: 28251.6443s
	speed: 0.0599s/iter; left time: 28403.1257s
	speed: 0.0595s/iter; left time: 28160.8985s
	speed: 0.0592s/iter; left time: 28044.5459s
	speed: 0.0594s/iter; left time: 28106.6009s
	speed: 0.0594s/iter; left time: 28116.3936s
	speed: 0.0594s/iter; left time: 28100.2376s
	speed: 0.0593s/iter; left time: 28057.3123s
	speed: 0.0594s/iter; left time: 28115.2156s
	speed: 0.0596s/iter; left time: 28204.2974s
	speed: 0.0591s/iter; left time: 27935.8808s
Epoch: 38 cost time: 250.97565269470215
Epoch: 38, Steps: 4222 | Train Loss: -48.8597709 Vali Loss: -48.7650896 
EarlyStopping counter: 37 out of 40
Updating learning rate to 7.275957614183426e-16
	speed: 2.5120s/iter; left time: 1187575.4242s
	speed: 0.0602s/iter; left time: 28472.5910s
	speed: 0.0595s/iter; left time: 28136.8479s
	speed: 0.0595s/iter; left time: 28123.4639s
	speed: 0.0593s/iter; left time: 28033.1946s
	speed: 0.0595s/iter; left time: 28093.0705s
	speed: 0.0595s/iter; left time: 28072.2217s
	speed: 0.0594s/iter; left time: 28020.3912s
	speed: 0.0596s/iter; left time: 28117.9247s
	speed: 0.0599s/iter; left time: 28246.7583s
	speed: 0.0595s/iter; left time: 28079.7065s
	speed: 0.0593s/iter; left time: 27967.7073s
	speed: 0.0594s/iter; left time: 28030.7186s
	speed: 0.0595s/iter; left time: 28030.5015s
	speed: 0.0594s/iter; left time: 27980.3528s
	speed: 0.0592s/iter; left time: 27893.2659s
	speed: 0.0598s/iter; left time: 28176.1288s
	speed: 0.0593s/iter; left time: 27947.8702s
	speed: 0.0596s/iter; left time: 28055.2818s
	speed: 0.0588s/iter; left time: 27703.6773s
	speed: 0.0599s/iter; left time: 28198.9145s
	speed: 0.0596s/iter; left time: 28049.4078s
	speed: 0.0594s/iter; left time: 27949.5901s
	speed: 0.0593s/iter; left time: 27920.8749s
	speed: 0.0593s/iter; left time: 27908.1050s
	speed: 0.0596s/iter; left time: 28025.0562s
	speed: 0.0593s/iter; left time: 27895.0883s
	speed: 0.0593s/iter; left time: 27861.6191s
	speed: 0.0595s/iter; left time: 27963.9867s
	speed: 0.0597s/iter; left time: 28069.2376s
	speed: 0.0593s/iter; left time: 27847.0363s
	speed: 0.0594s/iter; left time: 27896.0834s
	speed: 0.0593s/iter; left time: 27852.4874s
	speed: 0.0596s/iter; left time: 27966.7140s
	speed: 0.0592s/iter; left time: 27770.7528s
	speed: 0.0596s/iter; left time: 27956.5977s
	speed: 0.0594s/iter; left time: 27848.4593s
	speed: 0.0597s/iter; left time: 27986.1372s
	speed: 0.0593s/iter; left time: 27815.2824s
	speed: 0.0595s/iter; left time: 27886.3618s
	speed: 0.0593s/iter; left time: 27810.9114s
	speed: 0.0597s/iter; left time: 27962.1119s
Epoch: 39 cost time: 250.987797498703
Epoch: 39, Steps: 4222 | Train Loss: -48.8597707 Vali Loss: -48.7650896 
EarlyStopping counter: 38 out of 40
Updating learning rate to 3.637978807091713e-16
	speed: 2.5142s/iter; left time: 1177994.6287s
	speed: 0.0594s/iter; left time: 27814.1706s
	speed: 0.0593s/iter; left time: 27777.8298s
	speed: 0.0598s/iter; left time: 27999.3574s
	speed: 0.0593s/iter; left time: 27773.2203s
	speed: 0.0592s/iter; left time: 27727.2535s
	speed: 0.0600s/iter; left time: 28086.9367s
	speed: 0.0596s/iter; left time: 27880.5685s
	speed: 0.0593s/iter; left time: 27749.2778s
	speed: 0.0592s/iter; left time: 27686.9501s
	speed: 0.0598s/iter; left time: 27956.5444s
	speed: 0.0595s/iter; left time: 27831.8014s
	speed: 0.0595s/iter; left time: 27815.5964s
	speed: 0.0593s/iter; left time: 27730.4084s
	speed: 0.0593s/iter; left time: 27718.7788s
	speed: 0.0597s/iter; left time: 27876.9898s
	speed: 0.0593s/iter; left time: 27701.0100s
	speed: 0.0594s/iter; left time: 27731.5330s
	speed: 0.0594s/iter; left time: 27729.4252s
	speed: 0.0591s/iter; left time: 27567.4271s
	speed: 0.0596s/iter; left time: 27825.9748s
	speed: 0.0596s/iter; left time: 27810.0262s
	speed: 0.0594s/iter; left time: 27704.4258s
	speed: 0.0594s/iter; left time: 27699.1686s
	speed: 0.0599s/iter; left time: 27900.5496s
	speed: 0.0596s/iter; left time: 27783.7931s
	speed: 0.0590s/iter; left time: 27487.3970s
	speed: 0.0593s/iter; left time: 27626.4283s
	speed: 0.0594s/iter; left time: 27686.6499s
	speed: 0.0598s/iter; left time: 27834.4074s
	speed: 0.0593s/iter; left time: 27602.2560s
	speed: 0.0596s/iter; left time: 27733.8025s
	speed: 0.0589s/iter; left time: 27396.3038s
	speed: 0.0599s/iter; left time: 27878.5612s
	speed: 0.0592s/iter; left time: 27533.6813s
	speed: 0.0598s/iter; left time: 27796.9717s
	speed: 0.0595s/iter; left time: 27669.8830s
	speed: 0.0596s/iter; left time: 27689.2136s
	speed: 0.0593s/iter; left time: 27562.9012s
	speed: 0.0596s/iter; left time: 27696.5471s
	speed: 0.0592s/iter; left time: 27521.1411s
	speed: 0.0598s/iter; left time: 27794.0097s
Epoch: 40 cost time: 251.03819942474365
Epoch: 40, Steps: 4222 | Train Loss: -48.8597707 Vali Loss: -48.7650896 
EarlyStopping counter: 39 out of 40
Updating learning rate to 1.8189894035458566e-16
	speed: 2.5149s/iter; left time: 1167734.6953s
	speed: 0.0594s/iter; left time: 27583.4768s
	speed: 0.0594s/iter; left time: 27560.8227s
	speed: 0.0591s/iter; left time: 27422.3737s
	speed: 0.0603s/iter; left time: 27976.7379s
	speed: 0.0591s/iter; left time: 27414.1261s
	speed: 0.0600s/iter; left time: 27831.0268s
	speed: 0.0596s/iter; left time: 27651.9448s
	speed: 0.0576s/iter; left time: 26686.0686s
	speed: 0.0614s/iter; left time: 28435.5122s
	speed: 0.0598s/iter; left time: 27686.6902s
	speed: 0.0592s/iter; left time: 27444.4116s
	speed: 0.0596s/iter; left time: 27612.1392s
	speed: 0.0597s/iter; left time: 27646.5675s
	speed: 0.0595s/iter; left time: 27543.6673s
	speed: 0.0592s/iter; left time: 27407.0466s
	speed: 0.0595s/iter; left time: 27527.4505s
	speed: 0.0600s/iter; left time: 27736.1766s
	speed: 0.0591s/iter; left time: 27343.0459s
	speed: 0.0596s/iter; left time: 27568.8207s
	speed: 0.0597s/iter; left time: 27580.7595s
	speed: 0.0596s/iter; left time: 27529.5393s
	speed: 0.0593s/iter; left time: 27387.5970s
	speed: 0.0596s/iter; left time: 27516.1701s
	speed: 0.0599s/iter; left time: 27662.7894s
	speed: 0.0594s/iter; left time: 27428.2313s
	speed: 0.0592s/iter; left time: 27334.5837s
	speed: 0.0592s/iter; left time: 27332.9888s
	speed: 0.0596s/iter; left time: 27528.9977s
	speed: 0.0595s/iter; left time: 27442.7642s
	speed: 0.0596s/iter; left time: 27473.6890s
	speed: 0.0595s/iter; left time: 27450.2647s
	speed: 0.0593s/iter; left time: 27358.1059s
	speed: 0.0594s/iter; left time: 27406.9881s
	speed: 0.0594s/iter; left time: 27391.2903s
	speed: 0.0601s/iter; left time: 27714.2812s
	speed: 0.0595s/iter; left time: 27432.6959s
	speed: 0.0593s/iter; left time: 27313.6901s
	speed: 0.0593s/iter; left time: 27289.6043s
	speed: 0.0597s/iter; left time: 27510.0061s
	speed: 0.0591s/iter; left time: 27218.5178s
	speed: 0.0595s/iter; left time: 27366.4814s
Epoch: 41 cost time: 251.19225788116455
Epoch: 41, Steps: 4222 | Train Loss: -48.8597709 Vali Loss: -48.7650896 
EarlyStopping counter: 40 out of 40
Early stopping
/home/asirvent/pytorch_env/lib64/python3.6/site-packages/torch/nn/_reduction.py:42: UserWarning: size_average and reduce args will be deprecated, please use reduction='none' instead.
  warnings.warn(warning.format(ret))
------------ Options -------------
anormly_ratio: 1.0
batch_size: 32
data_path: /home/asirvent/extra_repos/TFM/1-AnomalyTranformer_MIO/ejecucion_remota/data/SMAP
dataset: SMAP
input_c: 25
k: 3
lr: 0.0001
mode: test
model_save_path: /home/asirvent/extra_repos/TFM/1-AnomalyTranformer_MIO/ejecucion_remota/results_y_models/2-SMAP_models
num_epochs: 10
output_c: 25
pretrained_model: 20
win_size: 100
-------------- End ----------------
test: (427617, 25)
train: (135183, 25)
test: (427617, 25)
train: (135183, 25)
test: (427617, 25)
train: (135183, 25)
test: (427617, 25)
train: (135183, 25)
======================TEST MODE======================
Threshold : 0.0006285779003519564
pred:    (427600,)
gt:      (427600,)
pred:  (427600,)
gt:    (427600,)
Accuracy : 0.9389, Precision : 0.9123, Recall : 0.5783, F-score : 0.7079 
Mtricas para vectores simplificados:
Accuracy : 0.9341, Precision : 0.0107, Recall : 0.0014, F-score : 0.0025 
